TN:
SF:/Applications/Xcode.app/Contents/Developer/Toolchains/XcodeDefault.xctoolchain/usr/include/c++/v1/__bit_reference
FN:56,_ZNSt3__115__bit_referenceINS_6vectorIbNS_9allocatorIbEEEELb1EEaSEb
FN:74,_ZNSt3__115__bit_referenceINS_6vectorIbNS_9allocatorIbEEEELb1EEC1EPmm
FN:74,_ZNSt3__115__bit_referenceINS_6vectorIbNS_9allocatorIbEEEELb1EEC2EPmm
FN:404,_ZNSt3__114__copy_alignedINS_6vectorIbNS_9allocatorIbEEEELb1EEENS_14__bit_iteratorIT_Lb0EXLi0EEEENS5_IS6_XT0_EXLi0EEEES8_S7_
FN:453,_ZNSt3__116__copy_unalignedINS_6vectorIbNS_9allocatorIbEEEELb1EEENS_14__bit_iteratorIT_Lb0EXLi0EEEENS5_IS6_XT0_EXLi0EEEES8_S7_
FN:532,_ZNSt3__14copyINS_6vectorIbNS_9allocatorIbEEEELb1EEENS_14__bit_iteratorIT_Lb0EXLi0EEEENS5_IS6_XT0_EXLi0EEEES8_S7_
FN:1112,_ZNSt3__114__bit_iteratorINS_6vectorIbNS_9allocatorIbEEEELb0ELm0EEC1ERKS5_
FN:1112,_ZNSt3__114__bit_iteratorINS_6vectorIbNS_9allocatorIbEEEELb0ELm0EEC2ERKS5_
FN:1115,_ZNKSt3__114__bit_iteratorINS_6vectorIbNS_9allocatorIbEEEELb0ELm0EEdeEv
FN:1118,_ZNSt3__114__bit_iteratorINS_6vectorIbNS_9allocatorIbEEEELb0ELm0EEppEv
FN:1191,_ZNSt3__1miERKNS_14__bit_iteratorINS_6vectorIbNS_9allocatorIbEEEELb1ELm0EEES7_
FN:1216,_ZNSt3__114__bit_iteratorINS_6vectorIbNS_9allocatorIbEEEELb1ELm0EEC2EPKmj
FN:1216,_ZNSt3__114__bit_iteratorINS_6vectorIbNS_9allocatorIbEEEELb1ELm0EEC1EPKmj
FN:1216,_ZNSt3__114__bit_iteratorINS_6vectorIbNS_9allocatorIbEEEELb0ELm0EEC1EPmj
FN:1216,_ZNSt3__114__bit_iteratorINS_6vectorIbNS_9allocatorIbEEEELb0ELm0EEC2EPmj
FNDA:0,_ZNSt3__115__bit_referenceINS_6vectorIbNS_9allocatorIbEEEELb1EEaSEb
FNDA:0,_ZNSt3__115__bit_referenceINS_6vectorIbNS_9allocatorIbEEEELb1EEC1EPmm
FNDA:0,_ZNSt3__115__bit_referenceINS_6vectorIbNS_9allocatorIbEEEELb1EEC2EPmm
FNDA:0,_ZNSt3__114__copy_alignedINS_6vectorIbNS_9allocatorIbEEEELb1EEENS_14__bit_iteratorIT_Lb0EXLi0EEEENS5_IS6_XT0_EXLi0EEEES8_S7_
FNDA:0,_ZNSt3__116__copy_unalignedINS_6vectorIbNS_9allocatorIbEEEELb1EEENS_14__bit_iteratorIT_Lb0EXLi0EEEENS5_IS6_XT0_EXLi0EEEES8_S7_
FNDA:0,_ZNSt3__14copyINS_6vectorIbNS_9allocatorIbEEEELb1EEENS_14__bit_iteratorIT_Lb0EXLi0EEEENS5_IS6_XT0_EXLi0EEEES8_S7_
FNDA:0,_ZNSt3__114__bit_iteratorINS_6vectorIbNS_9allocatorIbEEEELb0ELm0EEC1ERKS5_
FNDA:0,_ZNSt3__114__bit_iteratorINS_6vectorIbNS_9allocatorIbEEEELb0ELm0EEC2ERKS5_
FNDA:0,_ZNKSt3__114__bit_iteratorINS_6vectorIbNS_9allocatorIbEEEELb0ELm0EEdeEv
FNDA:0,_ZNSt3__114__bit_iteratorINS_6vectorIbNS_9allocatorIbEEEELb0ELm0EEppEv
FNDA:0,_ZNSt3__1miERKNS_14__bit_iteratorINS_6vectorIbNS_9allocatorIbEEEELb1ELm0EEES7_
FNDA:0,_ZNSt3__114__bit_iteratorINS_6vectorIbNS_9allocatorIbEEEELb0ELm0EEC1EPmj
FNDA:0,_ZNSt3__114__bit_iteratorINS_6vectorIbNS_9allocatorIbEEEELb0ELm0EEC2EPmj
FNDA:0,_ZNSt3__114__bit_iteratorINS_6vectorIbNS_9allocatorIbEEEELb1ELm0EEC1EPKmj
FNDA:0,_ZNSt3__114__bit_iteratorINS_6vectorIbNS_9allocatorIbEEEELb1ELm0EEC2EPKmj
FNF:15
FNH:0
DA:58,0
DA:59,0
DA:61,0
DA:62,0
DA:75,0
DA:410,0
DA:411,0
DA:412,0
DA:415,0
DA:417,0
DA:418,0
DA:419,0
DA:420,0
DA:421,0
DA:422,0
DA:423,0
DA:424,0
DA:425,0
DA:426,0
DA:428,0
DA:431,0
DA:432,0
DA:433,0
DA:434,0
DA:435,0
DA:436,0
DA:438,0
DA:440,0
DA:441,0
DA:442,0
DA:443,0
DA:444,0
DA:445,0
DA:446,0
DA:447,0
DA:448,0
DA:460,0
DA:461,0
DA:464,0
DA:466,0
DA:467,0
DA:468,0
DA:469,0
DA:470,0
DA:471,0
DA:472,0
DA:473,0
DA:474,0
DA:475,0
DA:476,0
DA:478,0
DA:479,0
DA:480,0
DA:481,0
DA:482,0
DA:484,0
DA:485,0
DA:486,0
DA:487,0
DA:488,0
DA:489,0
DA:491,0
DA:494,0
DA:495,0
DA:496,0
DA:498,0
DA:499,0
DA:500,0
DA:501,0
DA:502,0
DA:503,0
DA:504,0
DA:506,0
DA:508,0
DA:509,0
DA:510,0
DA:511,0
DA:512,0
DA:513,0
DA:514,0
DA:515,0
DA:516,0
DA:517,0
DA:519,0
DA:520,0
DA:521,0
DA:522,0
DA:523,0
DA:524,0
DA:525,0
DA:526,0
DA:534,0
DA:535,0
DA:536,0
DA:537,0
DA:1113,0
DA:1116,0
DA:1120,0
DA:1121,0
DA:1124,0
DA:1125,0
DA:1127,0
DA:1192,0
DA:1217,0
LF:104
LH:0
end_of_record
SF:/Applications/Xcode.app/Contents/Developer/Toolchains/XcodeDefault.xctoolchain/usr/include/c++/v1/__string
FN:208,_ZNSt3__111char_traitsIcE6assignERcRKc
FN:209,_ZNSt3__111char_traitsIcE2eqEcc
FN:217,_ZNSt3__111char_traitsIcE6lengthEPKc
FN:230,_ZNSt3__111char_traitsIcE7not_eofEi
FN:232,_ZNSt3__111char_traitsIcE12to_char_typeEi
FN:234,_ZNSt3__111char_traitsIcE11to_int_typeEc
FN:236,_ZNSt3__111char_traitsIcE11eq_int_typeEii
FN:238,_ZNSt3__111char_traitsIcE3eofEv
FNDA:0,_ZNSt3__111char_traitsIcE6assignERcRKc
FNDA:0,_ZNSt3__111char_traitsIcE2eqEcc
FNDA:0,_ZNSt3__111char_traitsIcE6lengthEPKc
FNDA:0,_ZNSt3__111char_traitsIcE7not_eofEi
FNDA:0,_ZNSt3__111char_traitsIcE12to_char_typeEi
FNDA:0,_ZNSt3__111char_traitsIcE11to_int_typeEc
FNDA:0,_ZNSt3__111char_traitsIcE11eq_int_typeEii
FNDA:0,_ZNSt3__111char_traitsIcE3eofEv
FNF:8
FNH:0
DA:208,0
DA:210,0
DA:217,0
DA:231,0
DA:233,0
DA:235,0
DA:237,0
DA:239,0
LF:8
LH:0
end_of_record
SF:/Applications/Xcode.app/Contents/Developer/Toolchains/XcodeDefault.xctoolchain/usr/include/c++/v1/algorithm
FN:719,_ZNKSt3__16__lessIllEclERKlS3_
FN:719,_ZNKSt3__16__lessImmEclERKmS3_
FN:719,_ZNKSt3__16__lessIPcS1_EclERKS1_S4_
FN:1759,_ZNSt3__113__unwrap_iterINS_14__bit_iteratorINS_6vectorIbNS_9allocatorIbEEEELb0ELm0EEEEET_S7_
FN:1759,_ZNSt3__113__unwrap_iterIPKbEET_S3_
FN:1809,_ZNSt3__16__copyIPKbNS_14__bit_iteratorINS_6vectorIbNS_9allocatorIbEEEELb0ELm0EEEEET0_T_SA_S9_
FN:1835,_ZNSt3__14copyIPKbNS_14__bit_iteratorINS_6vectorIbNS_9allocatorIbEEEELb0ELm0EEEEET0_T_SA_S9_
FN:2644,_ZNSt3__13minImNS_6__lessImmEEEERKT_S5_S5_T0_
FN:2644,_ZNSt3__13minIlNS_6__lessIllEEEERKT_S5_S5_T0_
FN:2652,_ZNSt3__13minImEERKT_S3_S3_
FN:2652,_ZNSt3__13minIlEERKT_S3_S3_
FN:2709,_ZNSt3__13maxIPcNS_6__lessIS1_S1_EEEERKT_S6_S6_T0_
FN:2717,_ZNSt3__13maxIPcEERKT_S4_S4_
FNDA:0,_ZNKSt3__16__lessImmEclERKmS3_
FNDA:0,_ZNKSt3__16__lessIllEclERKlS3_
FNDA:0,_ZNKSt3__16__lessIPcS1_EclERKS1_S4_
FNDA:0,_ZNSt3__113__unwrap_iterIPKbEET_S3_
FNDA:0,_ZNSt3__113__unwrap_iterINS_14__bit_iteratorINS_6vectorIbNS_9allocatorIbEEEELb0ELm0EEEEET_S7_
FNDA:0,_ZNSt3__16__copyIPKbNS_14__bit_iteratorINS_6vectorIbNS_9allocatorIbEEEELb0ELm0EEEEET0_T_SA_S9_
FNDA:0,_ZNSt3__14copyIPKbNS_14__bit_iteratorINS_6vectorIbNS_9allocatorIbEEEELb0ELm0EEEEET0_T_SA_S9_
FNDA:0,_ZNSt3__13minImNS_6__lessImmEEEERKT_S5_S5_T0_
FNDA:0,_ZNSt3__13minIlNS_6__lessIllEEEERKT_S5_S5_T0_
FNDA:0,_ZNSt3__13minImEERKT_S3_S3_
FNDA:0,_ZNSt3__13minIlEERKT_S3_S3_
FNDA:0,_ZNSt3__13maxIPcNS_6__lessIS1_S1_EEEERKT_S6_S6_T0_
FNDA:0,_ZNSt3__13maxIPcEERKT_S4_S4_
FNF:13
FNH:0
DA:719,0
DA:1761,0
DA:1811,0
DA:1812,0
DA:1813,0
DA:1837,0
DA:2646,0
DA:2654,0
DA:2711,0
DA:2719,0
LF:10
LH:0
end_of_record
SF:/Applications/Xcode.app/Contents/Developer/Toolchains/XcodeDefault.xctoolchain/usr/include/c++/v1/initializer_list
FN:85,_ZNKSt16initializer_listIbE4sizeEv
FN:85,_ZNKSt16initializer_listINSt3__16vectorIbNS0_9allocatorIbEEEEE4sizeEv
FN:89,_ZNKSt16initializer_listIbE5beginEv
FN:89,_ZNKSt16initializer_listINSt3__16vectorIbNS0_9allocatorIbEEEEE5beginEv
FN:93,_ZNKSt16initializer_listINSt3__16vectorIbNS0_9allocatorIbEEEEE3endEv
FN:93,_ZNKSt16initializer_listIbE3endEv
FNDA:0,_ZNKSt16initializer_listIbE4sizeEv
FNDA:18,_ZNKSt16initializer_listINSt3__16vectorIbNS0_9allocatorIbEEEEE4sizeEv
FNDA:0,_ZNKSt16initializer_listIbE5beginEv
FNDA:6,_ZNKSt16initializer_listINSt3__16vectorIbNS0_9allocatorIbEEEEE5beginEv
FNDA:0,_ZNKSt16initializer_listIbE3endEv
FNDA:6,_ZNKSt16initializer_listINSt3__16vectorIbNS0_9allocatorIbEEEEE3endEv
FNF:6
FNH:3
DA:85,18
DA:89,6
DA:93,6
LF:3
LH:3
end_of_record
SF:/Applications/Xcode.app/Contents/Developer/Toolchains/XcodeDefault.xctoolchain/usr/include/c++/v1/ios
FN:336,_ZNSt3__18ios_baseC2Ev
FN:653,_ZNSt3__19basic_iosIcNS_11char_traitsIcEEEC2Ev
FN:688,_ZNSt3__19basic_iosIcNS_11char_traitsIcEEE4initEPNS_15basic_streambufIcS2_EE
FNDA:0,_ZNSt3__18ios_baseC2Ev
FNDA:0,_ZNSt3__19basic_iosIcNS_11char_traitsIcEEEC2Ev
FNDA:0,_ZNSt3__19basic_iosIcNS_11char_traitsIcEEE4initEPNS_15basic_streambufIcS2_EE
FNF:3
FNH:0
DA:336,0
DA:337,0
DA:653,0
DA:654,0
DA:690,0
DA:691,0
DA:692,0
DA:693,0
LF:8
LH:0
end_of_record
SF:/Applications/Xcode.app/Contents/Developer/Toolchains/XcodeDefault.xctoolchain/usr/include/c++/v1/iosfwd
FN:117,_ZNSt3__115basic_stringbufIcNS_11char_traitsIcEENS_9allocatorIcEEED0Ev
FN:117,_ZNSt3__115basic_stringbufIcNS_11char_traitsIcEENS_9allocatorIcEEED1Ev
FN:117,_ZNSt3__115basic_stringbufIcNS_11char_traitsIcEENS_9allocatorIcEEED2Ev
FN:126,_ZNSt3__118basic_stringstreamIcNS_11char_traitsIcEENS_9allocatorIcEEED2Ev
FN:126,_ZNSt3__118basic_stringstreamIcNS_11char_traitsIcEENS_9allocatorIcEEED1Ev
FN:126,_ZNSt3__118basic_stringstreamIcNS_11char_traitsIcEENS_9allocatorIcEEED0Ev
FNDA:0,_ZNSt3__115basic_stringbufIcNS_11char_traitsIcEENS_9allocatorIcEEED1Ev
FNDA:0,_ZNSt3__115basic_stringbufIcNS_11char_traitsIcEENS_9allocatorIcEEED0Ev
FNDA:0,_ZNSt3__115basic_stringbufIcNS_11char_traitsIcEENS_9allocatorIcEEED2Ev
FNDA:0,_ZNSt3__118basic_stringstreamIcNS_11char_traitsIcEENS_9allocatorIcEEED1Ev
FNDA:0,_ZNSt3__118basic_stringstreamIcNS_11char_traitsIcEENS_9allocatorIcEEED0Ev
FNDA:0,_ZNSt3__118basic_stringstreamIcNS_11char_traitsIcEENS_9allocatorIcEEED2Ev
FNF:6
FNH:0
DA:117,0
DA:126,0
LF:2
LH:0
end_of_record
SF:/Applications/Xcode.app/Contents/Developer/Toolchains/XcodeDefault.xctoolchain/usr/include/c++/v1/istream
FN:190,_ZNSt3__113basic_istreamIcNS_11char_traitsIcEEEC2EPNS_15basic_streambufIcS2_EE
FN:1461,_ZNSt3__114basic_iostreamIcNS_11char_traitsIcEEEC2EPNS_15basic_streambufIcS2_EE
FNDA:0,_ZNSt3__113basic_istreamIcNS_11char_traitsIcEEEC2EPNS_15basic_streambufIcS2_EE
FNDA:0,_ZNSt3__114basic_iostreamIcNS_11char_traitsIcEEEC2EPNS_15basic_streambufIcS2_EE
FNF:2
FNH:0
DA:190,0
DA:191,0
DA:1461,0
DA:1462,0
DA:1463,0
LF:5
LH:0
end_of_record
SF:/Applications/Xcode.app/Contents/Developer/Toolchains/XcodeDefault.xctoolchain/usr/include/c++/v1/iterator
FN:592,_ZNSt3__110__distanceIPKbEENS_15iterator_traitsIT_E15difference_typeES4_S4_NS_26random_access_iterator_tagE
FN:592,_ZNSt3__110__distanceINS_14__bit_iteratorINS_6vectorIbNS_9allocatorIbEEEELb1ELm0EEEEENS_15iterator_traitsIT_E15difference_typeES8_S8_NS_26random_access_iterator_tagE
FN:592,_ZNSt3__110__distanceIPcEENS_15iterator_traitsIT_E15difference_typeES3_S3_NS_26random_access_iterator_tagE
FN:600,_ZNSt3__18distanceIPcEENS_15iterator_traitsIT_E15difference_typeES3_S3_
FN:600,_ZNSt3__18distanceINS_14__bit_iteratorINS_6vectorIbNS_9allocatorIbEEEELb1ELm0EEEEENS_15iterator_traitsIT_E15difference_typeES8_S8_
FN:600,_ZNSt3__18distanceIPKbEENS_15iterator_traitsIT_E15difference_typeES4_S4_
FNDA:0,_ZNSt3__110__distanceIPKbEENS_15iterator_traitsIT_E15difference_typeES4_S4_NS_26random_access_iterator_tagE
FNDA:0,_ZNSt3__110__distanceINS_14__bit_iteratorINS_6vectorIbNS_9allocatorIbEEEELb1ELm0EEEEENS_15iterator_traitsIT_E15difference_typeES8_S8_NS_26random_access_iterator_tagE
FNDA:0,_ZNSt3__110__distanceIPcEENS_15iterator_traitsIT_E15difference_typeES3_S3_NS_26random_access_iterator_tagE
FNDA:0,_ZNSt3__18distanceIPKbEENS_15iterator_traitsIT_E15difference_typeES4_S4_
FNDA:0,_ZNSt3__18distanceINS_14__bit_iteratorINS_6vectorIbNS_9allocatorIbEEEELb1ELm0EEEEENS_15iterator_traitsIT_E15difference_typeES8_S8_
FNDA:0,_ZNSt3__18distanceIPcEENS_15iterator_traitsIT_E15difference_typeES3_S3_
FNF:6
FNH:0
DA:594,0
DA:602,0
LF:2
LH:0
end_of_record
SF:/Applications/Xcode.app/Contents/Developer/Toolchains/XcodeDefault.xctoolchain/usr/include/c++/v1/limits
FN:213,_ZNSt3__123__libcpp_numeric_limitsImLb1EE3maxEv
FN:213,_ZNSt3__123__libcpp_numeric_limitsIlLb1EE3maxEv
FN:450,_ZNSt3__114numeric_limitsImE3maxEv
FN:450,_ZNSt3__114numeric_limitsIlE3maxEv
FNDA:0,_ZNSt3__123__libcpp_numeric_limitsImLb1EE3maxEv
FNDA:0,_ZNSt3__123__libcpp_numeric_limitsIlLb1EE3maxEv
FNDA:0,_ZNSt3__114numeric_limitsImE3maxEv
FNDA:0,_ZNSt3__114numeric_limitsIlE3maxEv
FNF:4
FNH:0
DA:213,0
DA:450,0
LF:2
LH:0
end_of_record
SF:/Applications/Xcode.app/Contents/Developer/Toolchains/XcodeDefault.xctoolchain/usr/include/c++/v1/memory
FN:977,_ZNSt3__114pointer_traitsIPcE10pointer_toERc
FN:977,_ZNSt3__114pointer_traitsIPKcE10pointer_toERS1_
FN:1095,_ZNSt3__116__to_raw_pointerIKmEEPT_S3_
FN:1095,_ZNSt3__116__to_raw_pointerImEEPT_S2_
FN:1095,_ZNSt3__116__to_raw_pointerINS_6vectorIbNS_9allocatorIbEEEEEEPT_S6_
FN:1095,_ZNSt3__116__to_raw_pointerIKcEEPT_S3_
FN:1501,_ZNSt3__116allocator_traitsINS_9allocatorImEEE8allocateERS2_m
FN:1501,_ZNSt3__116allocator_traitsINS_9allocatorIcEEE8allocateERS2_m
FN:1501,_ZNSt3__116allocator_traitsINS_9allocatorINS_6vectorIbNS1_IbEEEEEEE8allocateERS5_m
FN:1509,_ZNSt3__116allocator_traitsINS_9allocatorImEEE10deallocateERS2_Pmm
FN:1509,_ZNSt3__116allocator_traitsINS_9allocatorINS_6vectorIbNS1_IbEEEEEEE10deallocateERS5_PS4_m
FN:1515,_ZNSt3__116allocator_traitsINS_9allocatorINS_6vectorIbNS1_IbEEEEEEE9constructIS4_JRKS4_EEEvRS5_PT_DpOT0_
FN:1515,_ZNSt3__116allocator_traitsINS_9allocatorINS_6vectorIbNS1_IbEEEEEEE9constructIS4_JRS4_EEEvRS5_PT_DpOT0_
FN:1549,_ZNSt3__116allocator_traitsINS_9allocatorINS_6vectorIbNS1_IbEEEEEEE7destroyIS4_EEvRS5_PT_
FN:1553,_ZNSt3__116allocator_traitsINS_9allocatorIcEEE8max_sizeERKS2_
FN:1553,_ZNSt3__116allocator_traitsINS_9allocatorINS_6vectorIbNS1_IbEEEEEEE8max_sizeERKS5_
FN:1553,_ZNSt3__116allocator_traitsINS_9allocatorImEEE8max_sizeERKS2_
FN:1558,_ZNSt3__116allocator_traitsINS_9allocatorImEEE37select_on_container_copy_constructionERKS2_
FN:1558,_ZNSt3__116allocator_traitsINS_9allocatorINS_6vectorIbNS1_IbEEEEEEE37select_on_container_copy_constructionERKS5_
FN:1597,_ZNSt3__116allocator_traitsINS_9allocatorINS_6vectorIbNS1_IbEEEEEEE25__construct_range_forwardIPS4_S8_EEvRS5_T_SA_RT0_
FN:1597,_ZNSt3__116allocator_traitsINS_9allocatorINS_6vectorIbNS1_IbEEEEEEE25__construct_range_forwardIPKS4_PS4_EEvRS5_T_SC_RT0_
FN:1669,_ZNSt3__116allocator_traitsINS_9allocatorINS_6vectorIbNS1_IbEEEEEEE11__constructIS4_JRS4_EEEvNS_17integral_constantIbLb1EEERS5_PT_DpOT0_
FN:1669,_ZNSt3__116allocator_traitsINS_9allocatorINS_6vectorIbNS1_IbEEEEEEE11__constructIS4_JRKS4_EEEvNS_17integral_constantIbLb1EEERS5_PT_DpOT0_
FN:1681,_ZNSt3__116allocator_traitsINS_9allocatorINS_6vectorIbNS1_IbEEEEEEE9__destroyIS4_EEvNS_17integral_constantIbLb1EEERS5_PT_
FN:1691,_ZNSt3__116allocator_traitsINS_9allocatorImEEE10__max_sizeENS_17integral_constantIbLb1EEERKS2_
FN:1691,_ZNSt3__116allocator_traitsINS_9allocatorIcEEE10__max_sizeENS_17integral_constantIbLb1EEERKS2_
FN:1691,_ZNSt3__116allocator_traitsINS_9allocatorINS_6vectorIbNS1_IbEEEEEEE10__max_sizeENS_17integral_constantIbLb1EEERKS5_
FN:1703,_ZNSt3__116allocator_traitsINS_9allocatorINS_6vectorIbNS1_IbEEEEEEE39__select_on_container_copy_constructionENS_17integral_constantIbLb0EEERKS5_
FN:1703,_ZNSt3__116allocator_traitsINS_9allocatorImEEE39__select_on_container_copy_constructionENS_17integral_constantIbLb0EEERKS2_
FN:1736,_ZNSt3__19allocatorImEC2Ev
FN:1736,_ZNSt3__19allocatorINS_6vectorIbNS0_IbEEEEEC2Ev
FN:1736,_ZNSt3__19allocatorIcEC2Ev
FN:1742,_ZNSt3__19allocatorImE8allocateEmPKv
FN:1742,_ZNSt3__19allocatorIcE8allocateEmPKv
FN:1742,_ZNSt3__19allocatorINS_6vectorIbNS0_IbEEEEE8allocateEmPKv
FN:1749,_ZNSt3__19allocatorImE10deallocateEPmm
FN:1749,_ZNSt3__19allocatorINS_6vectorIbNS0_IbEEEEE10deallocateEPS3_m
FN:1751,_ZNKSt3__19allocatorImE8max_sizeEv
FN:1751,_ZNKSt3__19allocatorINS_6vectorIbNS0_IbEEEEE8max_sizeEv
FN:1751,_ZNKSt3__19allocatorIcE8max_sizeEv
FN:1757,_ZNSt3__19allocatorINS_6vectorIbNS0_IbEEEEE9constructIS3_JRS3_EEEvPT_DpOT0_
FN:1757,_ZNSt3__19allocatorINS_6vectorIbNS0_IbEEEEE9constructIS3_JRKS3_EEEvPT_DpOT0_
FN:1814,_ZNSt3__19allocatorINS_6vectorIbNS0_IbEEEEE7destroyEPS3_
FN:2043,_ZNSt3__122__compressed_pair_elemINS_12basic_stringIcNS_11char_traitsIcEENS_9allocatorIcEEE5__repELi0ELb0EEC2Ev
FN:2050,_ZNSt3__122__compressed_pair_elemImLi0ELb0EEC2IivEEOT_
FN:2050,_ZNSt3__122__compressed_pair_elemIPNS_6vectorIbNS_9allocatorIbEEEELi0ELb0EEC2IDnvEEOT_
FN:2064,_ZNSt3__122__compressed_pair_elemImLi0ELb0EE5__getEv
FN:2064,_ZNSt3__122__compressed_pair_elemIPNS_6vectorIbNS_9allocatorIbEEEELi0ELb0EE5__getEv
FN:2064,_ZNSt3__122__compressed_pair_elemINS_12basic_stringIcNS_11char_traitsIcEENS_9allocatorIcEEE5__repELi0ELb0EE5__getEv
FN:2066,_ZNKSt3__122__compressed_pair_elemINS_12basic_stringIcNS_11char_traitsIcEENS_9allocatorIcEEE5__repELi0ELb0EE5__getEv
FN:2066,_ZNKSt3__122__compressed_pair_elemIPNS_6vectorIbNS_9allocatorIbEEEELi0ELb0EE5__getEv
FN:2080,_ZNSt3__122__compressed_pair_elemINS_9allocatorINS_6vectorIbNS1_IbEEEEEELi1ELb1EEC2Ev
FN:2080,_ZNSt3__122__compressed_pair_elemINS_9allocatorImEELi1ELb1EEC2Ev
FN:2080,_ZNSt3__122__compressed_pair_elemINS_9allocatorIcEELi1ELb1EEC2Ev
FN:2087,_ZNSt3__122__compressed_pair_elemINS_9allocatorINS_6vectorIbNS1_IbEEEEEELi1ELb1EEC2IRKS5_vEEOT_
FN:2087,_ZNSt3__122__compressed_pair_elemINS_9allocatorImEELi1ELb1EEC2IS2_vEEOT_
FN:2087,_ZNSt3__122__compressed_pair_elemINS_9allocatorIcEELi1ELb1EEC2IRKS2_vEEOT_
FN:2102,_ZNSt3__122__compressed_pair_elemINS_9allocatorINS_6vectorIbNS1_IbEEEEEELi1ELb1EE5__getEv
FN:2102,_ZNSt3__122__compressed_pair_elemINS_9allocatorIcEELi1ELb1EE5__getEv
FN:2102,_ZNSt3__122__compressed_pair_elemINS_9allocatorImEELi1ELb1EE5__getEv
FN:2104,_ZNKSt3__122__compressed_pair_elemINS_9allocatorINS_6vectorIbNS1_IbEEEEEELi1ELb1EE5__getEv
FN:2104,_ZNKSt3__122__compressed_pair_elemINS_9allocatorImEELi1ELb1EE5__getEv
FN:2104,_ZNKSt3__122__compressed_pair_elemINS_9allocatorIcEELi1ELb1EE5__getEv
FN:2134,_ZNSt3__117__compressed_pairINS_12basic_stringIcNS_11char_traitsIcEENS_9allocatorIcEEE5__repES5_EC1ILb1EvEEv
FN:2134,_ZNSt3__117__compressed_pairINS_12basic_stringIcNS_11char_traitsIcEENS_9allocatorIcEEE5__repES5_EC2ILb1EvEEv
FN:2140,_ZNSt3__117__compressed_pairIPNS_6vectorIbNS_9allocatorIbEEEENS2_IS4_EEEC1IDnLb1EEEOT_
FN:2140,_ZNSt3__117__compressed_pairImNS_9allocatorImEEEC1IiLb1EEEOT_
FN:2140,_ZNSt3__117__compressed_pairIPNS_6vectorIbNS_9allocatorIbEEEENS2_IS4_EEEC2IDnLb1EEEOT_
FN:2140,_ZNSt3__117__compressed_pairImNS_9allocatorImEEEC2IiLb1EEEOT_
FN:2145,_ZNSt3__117__compressed_pairINS_12basic_stringIcNS_11char_traitsIcEENS_9allocatorIcEEE5__repES5_EC2IRKS5_EENS_12__second_tagEOT_
FN:2145,_ZNSt3__117__compressed_pairINS_12basic_stringIcNS_11char_traitsIcEENS_9allocatorIcEEE5__repES5_EC1IRKS5_EENS_12__second_tagEOT_
FN:2150,_ZNSt3__117__compressed_pairImNS_9allocatorImEEEC1IiS2_EEOT_OT0_
FN:2150,_ZNSt3__117__compressed_pairIPNS_6vectorIbNS_9allocatorIbEEEENS2_IS4_EEEC1IDnRKS6_EEOT_OT0_
FN:2150,_ZNSt3__117__compressed_pairImNS_9allocatorImEEEC2IiS2_EEOT_OT0_
FN:2150,_ZNSt3__117__compressed_pairIPNS_6vectorIbNS_9allocatorIbEEEENS2_IS4_EEEC2IDnRKS6_EEOT_OT0_
FN:2179,_ZNSt3__117__compressed_pairINS_12basic_stringIcNS_11char_traitsIcEENS_9allocatorIcEEE5__repES5_E5firstEv
FN:2179,_ZNSt3__117__compressed_pairIPNS_6vectorIbNS_9allocatorIbEEEENS2_IS4_EEE5firstEv
FN:2179,_ZNSt3__117__compressed_pairImNS_9allocatorImEEE5firstEv
FN:2184,_ZNKSt3__117__compressed_pairINS_12basic_stringIcNS_11char_traitsIcEENS_9allocatorIcEEE5__repES5_E5firstEv
FN:2184,_ZNKSt3__117__compressed_pairIPNS_6vectorIbNS_9allocatorIbEEEENS2_IS4_EEE5firstEv
FN:2189,_ZNSt3__117__compressed_pairImNS_9allocatorImEEE6secondEv
FN:2189,_ZNSt3__117__compressed_pairIPNS_6vectorIbNS_9allocatorIbEEEENS2_IS4_EEE6secondEv
FN:2189,_ZNSt3__117__compressed_pairINS_12basic_stringIcNS_11char_traitsIcEENS_9allocatorIcEEE5__repES5_E6secondEv
FN:2194,_ZNKSt3__117__compressed_pairINS_12basic_stringIcNS_11char_traitsIcEENS_9allocatorIcEEE5__repES5_E6secondEv
FN:2194,_ZNKSt3__117__compressed_pairIPNS_6vectorIbNS_9allocatorIbEEEENS2_IS4_EEE6secondEv
FN:2194,_ZNKSt3__117__compressed_pairImNS_9allocatorImEEE6secondEv
FNDA:0,_ZNSt3__114pointer_traitsIPKcE10pointer_toERS1_
FNDA:0,_ZNSt3__114pointer_traitsIPcE10pointer_toERc
FNDA:0,_ZNSt3__116__to_raw_pointerINS_6vectorIbNS_9allocatorIbEEEEEEPT_S6_
FNDA:0,_ZNSt3__116__to_raw_pointerIKcEEPT_S3_
FNDA:0,_ZNSt3__116__to_raw_pointerImEEPT_S2_
FNDA:0,_ZNSt3__116__to_raw_pointerIKmEEPT_S3_
FNDA:0,_ZNSt3__116allocator_traitsINS_9allocatorImEEE8allocateERS2_m
FNDA:0,_ZNSt3__116allocator_traitsINS_9allocatorINS_6vectorIbNS1_IbEEEEEEE8allocateERS5_m
FNDA:0,_ZNSt3__116allocator_traitsINS_9allocatorIcEEE8allocateERS2_m
FNDA:0,_ZNSt3__116allocator_traitsINS_9allocatorINS_6vectorIbNS1_IbEEEEEEE10deallocateERS5_PS4_m
FNDA:0,_ZNSt3__116allocator_traitsINS_9allocatorImEEE10deallocateERS2_Pmm
FNDA:0,_ZNSt3__116allocator_traitsINS_9allocatorINS_6vectorIbNS1_IbEEEEEEE9constructIS4_JRKS4_EEEvRS5_PT_DpOT0_
FNDA:0,_ZNSt3__116allocator_traitsINS_9allocatorINS_6vectorIbNS1_IbEEEEEEE9constructIS4_JRS4_EEEvRS5_PT_DpOT0_
FNDA:0,_ZNSt3__116allocator_traitsINS_9allocatorINS_6vectorIbNS1_IbEEEEEEE7destroyIS4_EEvRS5_PT_
FNDA:0,_ZNSt3__116allocator_traitsINS_9allocatorImEEE8max_sizeERKS2_
FNDA:0,_ZNSt3__116allocator_traitsINS_9allocatorINS_6vectorIbNS1_IbEEEEEEE8max_sizeERKS5_
FNDA:0,_ZNSt3__116allocator_traitsINS_9allocatorIcEEE8max_sizeERKS2_
FNDA:0,_ZNSt3__116allocator_traitsINS_9allocatorImEEE37select_on_container_copy_constructionERKS2_
FNDA:0,_ZNSt3__116allocator_traitsINS_9allocatorINS_6vectorIbNS1_IbEEEEEEE37select_on_container_copy_constructionERKS5_
FNDA:0,_ZNSt3__116allocator_traitsINS_9allocatorINS_6vectorIbNS1_IbEEEEEEE25__construct_range_forwardIPKS4_PS4_EEvRS5_T_SC_RT0_
FNDA:0,_ZNSt3__116allocator_traitsINS_9allocatorINS_6vectorIbNS1_IbEEEEEEE25__construct_range_forwardIPS4_S8_EEvRS5_T_SA_RT0_
FNDA:0,_ZNSt3__116allocator_traitsINS_9allocatorINS_6vectorIbNS1_IbEEEEEEE11__constructIS4_JRKS4_EEEvNS_17integral_constantIbLb1EEERS5_PT_DpOT0_
FNDA:0,_ZNSt3__116allocator_traitsINS_9allocatorINS_6vectorIbNS1_IbEEEEEEE11__constructIS4_JRS4_EEEvNS_17integral_constantIbLb1EEERS5_PT_DpOT0_
FNDA:0,_ZNSt3__116allocator_traitsINS_9allocatorINS_6vectorIbNS1_IbEEEEEEE9__destroyIS4_EEvNS_17integral_constantIbLb1EEERS5_PT_
FNDA:0,_ZNSt3__116allocator_traitsINS_9allocatorImEEE10__max_sizeENS_17integral_constantIbLb1EEERKS2_
FNDA:0,_ZNSt3__116allocator_traitsINS_9allocatorINS_6vectorIbNS1_IbEEEEEEE10__max_sizeENS_17integral_constantIbLb1EEERKS5_
FNDA:0,_ZNSt3__116allocator_traitsINS_9allocatorIcEEE10__max_sizeENS_17integral_constantIbLb1EEERKS2_
FNDA:0,_ZNSt3__116allocator_traitsINS_9allocatorImEEE39__select_on_container_copy_constructionENS_17integral_constantIbLb0EEERKS2_
FNDA:0,_ZNSt3__116allocator_traitsINS_9allocatorINS_6vectorIbNS1_IbEEEEEEE39__select_on_container_copy_constructionENS_17integral_constantIbLb0EEERKS5_
FNDA:12,_ZNSt3__19allocatorIcEC2Ev
FNDA:0,_ZNSt3__19allocatorImEC2Ev
FNDA:6,_ZNSt3__19allocatorINS_6vectorIbNS0_IbEEEEEC2Ev
FNDA:0,_ZNSt3__19allocatorImE8allocateEmPKv
FNDA:0,_ZNSt3__19allocatorINS_6vectorIbNS0_IbEEEEE8allocateEmPKv
FNDA:0,_ZNSt3__19allocatorIcE8allocateEmPKv
FNDA:0,_ZNSt3__19allocatorINS_6vectorIbNS0_IbEEEEE10deallocateEPS3_m
FNDA:0,_ZNSt3__19allocatorImE10deallocateEPmm
FNDA:0,_ZNKSt3__19allocatorImE8max_sizeEv
FNDA:0,_ZNKSt3__19allocatorINS_6vectorIbNS0_IbEEEEE8max_sizeEv
FNDA:0,_ZNKSt3__19allocatorIcE8max_sizeEv
FNDA:0,_ZNSt3__19allocatorINS_6vectorIbNS0_IbEEEEE9constructIS3_JRKS3_EEEvPT_DpOT0_
FNDA:0,_ZNSt3__19allocatorINS_6vectorIbNS0_IbEEEEE9constructIS3_JRS3_EEEvPT_DpOT0_
FNDA:0,_ZNSt3__19allocatorINS_6vectorIbNS0_IbEEEEE7destroyEPS3_
FNDA:12,_ZNSt3__122__compressed_pair_elemINS_12basic_stringIcNS_11char_traitsIcEENS_9allocatorIcEEE5__repELi0ELb0EEC2Ev
FNDA:0,_ZNSt3__122__compressed_pair_elemImLi0ELb0EEC2IivEEOT_
FNDA:6,_ZNSt3__122__compressed_pair_elemIPNS_6vectorIbNS_9allocatorIbEEEELi0ELb0EEC2IDnvEEOT_
FNDA:0,_ZNSt3__122__compressed_pair_elemImLi0ELb0EE5__getEv
FNDA:0,_ZNSt3__122__compressed_pair_elemIPNS_6vectorIbNS_9allocatorIbEEEELi0ELb0EE5__getEv
FNDA:0,_ZNSt3__122__compressed_pair_elemINS_12basic_stringIcNS_11char_traitsIcEENS_9allocatorIcEEE5__repELi0ELb0EE5__getEv
FNDA:0,_ZNKSt3__122__compressed_pair_elemIPNS_6vectorIbNS_9allocatorIbEEEELi0ELb0EE5__getEv
FNDA:0,_ZNKSt3__122__compressed_pair_elemINS_12basic_stringIcNS_11char_traitsIcEENS_9allocatorIcEEE5__repELi0ELb0EE5__getEv
FNDA:12,_ZNSt3__122__compressed_pair_elemINS_9allocatorIcEELi1ELb1EEC2Ev
FNDA:0,_ZNSt3__122__compressed_pair_elemINS_9allocatorImEELi1ELb1EEC2Ev
FNDA:6,_ZNSt3__122__compressed_pair_elemINS_9allocatorINS_6vectorIbNS1_IbEEEEEELi1ELb1EEC2Ev
FNDA:0,_ZNSt3__122__compressed_pair_elemINS_9allocatorImEELi1ELb1EEC2IS2_vEEOT_
FNDA:0,_ZNSt3__122__compressed_pair_elemINS_9allocatorINS_6vectorIbNS1_IbEEEEEELi1ELb1EEC2IRKS5_vEEOT_
FNDA:0,_ZNSt3__122__compressed_pair_elemINS_9allocatorIcEELi1ELb1EEC2IRKS2_vEEOT_
FNDA:0,_ZNSt3__122__compressed_pair_elemINS_9allocatorINS_6vectorIbNS1_IbEEEEEELi1ELb1EE5__getEv
FNDA:0,_ZNSt3__122__compressed_pair_elemINS_9allocatorImEELi1ELb1EE5__getEv
FNDA:0,_ZNSt3__122__compressed_pair_elemINS_9allocatorIcEELi1ELb1EE5__getEv
FNDA:0,_ZNKSt3__122__compressed_pair_elemINS_9allocatorImEELi1ELb1EE5__getEv
FNDA:0,_ZNKSt3__122__compressed_pair_elemINS_9allocatorINS_6vectorIbNS1_IbEEEEEELi1ELb1EE5__getEv
FNDA:0,_ZNKSt3__122__compressed_pair_elemINS_9allocatorIcEELi1ELb1EE5__getEv
FNDA:12,_ZNSt3__117__compressed_pairINS_12basic_stringIcNS_11char_traitsIcEENS_9allocatorIcEEE5__repES5_EC1ILb1EvEEv
FNDA:12,_ZNSt3__117__compressed_pairINS_12basic_stringIcNS_11char_traitsIcEENS_9allocatorIcEEE5__repES5_EC2ILb1EvEEv
FNDA:0,_ZNSt3__117__compressed_pairImNS_9allocatorImEEEC1IiLb1EEEOT_
FNDA:0,_ZNSt3__117__compressed_pairImNS_9allocatorImEEEC2IiLb1EEEOT_
FNDA:6,_ZNSt3__117__compressed_pairIPNS_6vectorIbNS_9allocatorIbEEEENS2_IS4_EEEC1IDnLb1EEEOT_
FNDA:6,_ZNSt3__117__compressed_pairIPNS_6vectorIbNS_9allocatorIbEEEENS2_IS4_EEEC2IDnLb1EEEOT_
FNDA:0,_ZNSt3__117__compressed_pairINS_12basic_stringIcNS_11char_traitsIcEENS_9allocatorIcEEE5__repES5_EC1IRKS5_EENS_12__second_tagEOT_
FNDA:0,_ZNSt3__117__compressed_pairINS_12basic_stringIcNS_11char_traitsIcEENS_9allocatorIcEEE5__repES5_EC2IRKS5_EENS_12__second_tagEOT_
FNDA:0,_ZNSt3__117__compressed_pairImNS_9allocatorImEEEC1IiS2_EEOT_OT0_
FNDA:0,_ZNSt3__117__compressed_pairImNS_9allocatorImEEEC2IiS2_EEOT_OT0_
FNDA:0,_ZNSt3__117__compressed_pairIPNS_6vectorIbNS_9allocatorIbEEEENS2_IS4_EEEC1IDnRKS6_EEOT_OT0_
FNDA:0,_ZNSt3__117__compressed_pairIPNS_6vectorIbNS_9allocatorIbEEEENS2_IS4_EEEC2IDnRKS6_EEOT_OT0_
FNDA:0,_ZNSt3__117__compressed_pairImNS_9allocatorImEEE5firstEv
FNDA:0,_ZNSt3__117__compressed_pairIPNS_6vectorIbNS_9allocatorIbEEEENS2_IS4_EEE5firstEv
FNDA:0,_ZNSt3__117__compressed_pairINS_12basic_stringIcNS_11char_traitsIcEENS_9allocatorIcEEE5__repES5_E5firstEv
FNDA:0,_ZNKSt3__117__compressed_pairIPNS_6vectorIbNS_9allocatorIbEEEENS2_IS4_EEE5firstEv
FNDA:0,_ZNKSt3__117__compressed_pairINS_12basic_stringIcNS_11char_traitsIcEENS_9allocatorIcEEE5__repES5_E5firstEv
FNDA:0,_ZNSt3__117__compressed_pairIPNS_6vectorIbNS_9allocatorIbEEEENS2_IS4_EEE6secondEv
FNDA:0,_ZNSt3__117__compressed_pairImNS_9allocatorImEEE6secondEv
FNDA:0,_ZNSt3__117__compressed_pairINS_12basic_stringIcNS_11char_traitsIcEENS_9allocatorIcEEE5__repES5_E6secondEv
FNDA:0,_ZNKSt3__117__compressed_pairImNS_9allocatorImEEE6secondEv
FNDA:0,_ZNKSt3__117__compressed_pairIPNS_6vectorIbNS_9allocatorIbEEEENS2_IS4_EEE6secondEv
FNDA:0,_ZNKSt3__117__compressed_pairINS_12basic_stringIcNS_11char_traitsIcEENS_9allocatorIcEEE5__repES5_E6secondEv
FNF:86
FNH:10
DA:979,0
DA:1097,0
DA:1502,0
DA:1510,0
DA:1516,0
DA:1517,0
DA:1550,0
DA:1554,0
DA:1559,0
DA:1560,0
DA:1561,0
DA:1599,0
DA:1600,0
DA:1601,0
DA:1670,0
DA:1682,0
DA:1692,0
DA:1704,0
DA:1736,18
DA:1744,0
DA:1745,0
DA:1747,0
DA:1750,0
DA:1752,0
DA:1759,0
DA:1760,0
DA:1814,0
DA:2043,12
DA:2051,6
DA:2064,0
DA:2066,0
DA:2080,18
DA:2088,0
DA:2102,0
DA:2104,0
DA:2134,24
DA:2141,12
DA:2146,0
DA:2151,0
DA:2180,0
DA:2185,0
DA:2190,0
DA:2195,0
LF:43
LH:6
end_of_record
SF:/Applications/Xcode.app/Contents/Developer/Toolchains/XcodeDefault.xctoolchain/usr/include/c++/v1/new
FN:222,_ZNSt3__110__allocateEm
FN:230,_ZNSt3__119__libcpp_deallocateEPv
FNDA:0,_ZNSt3__110__allocateEm
FNDA:0,_ZNSt3__119__libcpp_deallocateEPv
FNF:2
FNH:0
DA:226,0
DA:234,0
DA:236,0
LF:3
LH:0
end_of_record
SF:/Applications/Xcode.app/Contents/Developer/Toolchains/XcodeDefault.xctoolchain/usr/include/c++/v1/ostream
FN:236,_ZNSt3__113basic_ostreamIcNS_11char_traitsIcEEEC2Ev
FNDA:0,_ZNSt3__113basic_ostreamIcNS_11char_traitsIcEEEC2Ev
FNF:1
FNH:0
DA:236,0
LF:1
LH:0
end_of_record
SF:/Applications/Xcode.app/Contents/Developer/Toolchains/XcodeDefault.xctoolchain/usr/include/c++/v1/sstream
FN:242,_ZNSt3__115basic_stringbufIcNS_11char_traitsIcEENS_9allocatorIcEEEC2Ej
FN:242,_ZNSt3__115basic_stringbufIcNS_11char_traitsIcEENS_9allocatorIcEEEC1Ej
FN:439,_ZNKSt3__115basic_stringbufIcNS_11char_traitsIcEENS_9allocatorIcEEE3strEv
FN:454,_ZNSt3__115basic_stringbufIcNS_11char_traitsIcEENS_9allocatorIcEEE3strERKNS_12basic_stringIcS2_S4_EE
FN:479,_ZNSt3__115basic_stringbufIcNS_11char_traitsIcEENS_9allocatorIcEEE9underflowEv
FN:495,_ZNSt3__115basic_stringbufIcNS_11char_traitsIcEENS_9allocatorIcEEE9pbackfailEi
FN:519,_ZNSt3__115basic_stringbufIcNS_11char_traitsIcEENS_9allocatorIcEEE8overflowEi
FN:561,_ZNSt3__115basic_stringbufIcNS_11char_traitsIcEENS_9allocatorIcEEE7seekoffExNS_8ios_base7seekdirEj
FN:612,_ZNSt3__115basic_stringbufIcNS_11char_traitsIcEENS_9allocatorIcEEE7seekposENS_4fposI11__mbstate_tEEj
FN:900,_ZNSt3__118basic_stringstreamIcNS_11char_traitsIcEENS_9allocatorIcEEEC1Ej
FN:961,_ZNKSt3__118basic_stringstreamIcNS_11char_traitsIcEENS_9allocatorIcEEE3strEv
FNDA:0,_ZNSt3__115basic_stringbufIcNS_11char_traitsIcEENS_9allocatorIcEEEC1Ej
FNDA:0,_ZNSt3__115basic_stringbufIcNS_11char_traitsIcEENS_9allocatorIcEEEC2Ej
FNDA:0,_ZNKSt3__115basic_stringbufIcNS_11char_traitsIcEENS_9allocatorIcEEE3strEv
FNDA:0,_ZNSt3__115basic_stringbufIcNS_11char_traitsIcEENS_9allocatorIcEEE3strERKNS_12basic_stringIcS2_S4_EE
FNDA:0,_ZNSt3__115basic_stringbufIcNS_11char_traitsIcEENS_9allocatorIcEEE9underflowEv
FNDA:0,_ZNSt3__115basic_stringbufIcNS_11char_traitsIcEENS_9allocatorIcEEE9pbackfailEi
FNDA:0,_ZNSt3__115basic_stringbufIcNS_11char_traitsIcEENS_9allocatorIcEEE8overflowEi
FNDA:0,_ZNSt3__115basic_stringbufIcNS_11char_traitsIcEENS_9allocatorIcEEE7seekoffExNS_8ios_base7seekdirEj
FNDA:0,_ZNSt3__115basic_stringbufIcNS_11char_traitsIcEENS_9allocatorIcEEE7seekposENS_4fposI11__mbstate_tEEj
FNDA:0,_ZNSt3__118basic_stringstreamIcNS_11char_traitsIcEENS_9allocatorIcEEEC1Ej
FNDA:0,_ZNKSt3__118basic_stringstreamIcNS_11char_traitsIcEENS_9allocatorIcEEE3strEv
FNF:11
FNH:0
DA:213,0
DA:243,0
DA:244,0
DA:245,0
DA:246,0
DA:247,0
DA:441,0
DA:443,0
DA:444,0
DA:445,0
DA:447,0
DA:448,0
DA:449,0
DA:450,0
DA:456,0
DA:457,0
DA:458,0
DA:460,0
DA:461,0
DA:462,0
DA:463,0
DA:464,0
DA:465,0
DA:467,0
DA:468,0
DA:469,0
DA:470,0
DA:471,0
DA:472,0
DA:473,0
DA:474,0
DA:475,0
DA:481,0
DA:482,0
DA:483,0
DA:485,0
DA:486,0
DA:487,0
DA:488,0
DA:489,0
DA:490,0
DA:491,0
DA:497,0
DA:498,0
DA:499,0
DA:501,0
DA:503,0
DA:504,0
DA:506,0
DA:507,0
DA:509,0
DA:510,0
DA:511,0
DA:513,0
DA:514,0
DA:515,0
DA:521,0
DA:523,0
DA:524,0
DA:526,0
DA:527,0
DA:532,0
DA:533,0
DA:534,0
DA:535,0
DA:536,0
DA:537,0
DA:538,0
DA:539,0
DA:541,0
DA:544,0
DA:545,0
DA:547,0
DA:548,0
DA:549,0
DA:551,0
DA:552,0
DA:553,0
DA:554,0
DA:556,0
DA:557,0
DA:565,0
DA:566,0
DA:567,0
DA:568,0
DA:569,0
DA:570,0
DA:571,0
DA:573,0
DA:576,0
DA:577,0
DA:579,0
DA:580,0
DA:582,0
DA:583,0
DA:585,0
DA:586,0
DA:588,0
DA:590,0
DA:591,0
DA:592,0
DA:593,0
DA:595,0
DA:596,0
DA:597,0
DA:598,0
DA:599,0
DA:600,0
DA:601,0
DA:602,0
DA:604,0
DA:605,0
DA:606,0
DA:607,0
DA:608,0
DA:615,0
DA:876,0
DA:901,0
DA:902,0
DA:903,0
DA:904,0
DA:963,0
LF:122
LH:0
end_of_record
SF:/Applications/Xcode.app/Contents/Developer/Toolchains/XcodeDefault.xctoolchain/usr/include/c++/v1/stdexcept
FN:136,_ZNSt12length_errorC1EPKc
FN:136,_ZNSt12length_errorC2EPKc
FN:222,_ZNSt3__120__throw_length_errorEPKc
FNDA:0,_ZNSt12length_errorC1EPKc
FNDA:0,_ZNSt12length_errorC2EPKc
FNDA:0,_ZNSt3__120__throw_length_errorEPKc
FNF:3
FNH:0
DA:136,0
DA:225,0
DA:230,0
LF:3
LH:0
end_of_record
SF:/Applications/Xcode.app/Contents/Developer/Toolchains/XcodeDefault.xctoolchain/usr/include/c++/v1/streambuf
FN:218,_ZNSt3__115basic_streambufIcNS_11char_traitsIcEEE5sputcEc
FN:236,_ZNKSt3__115basic_streambufIcNS_11char_traitsIcEEE5ebackEv
FN:237,_ZNKSt3__115basic_streambufIcNS_11char_traitsIcEEE4gptrEv
FN:238,_ZNKSt3__115basic_streambufIcNS_11char_traitsIcEEE5egptrEv
FN:244,_ZNSt3__115basic_streambufIcNS_11char_traitsIcEEE4setgEPcS4_S4_
FN:251,_ZNKSt3__115basic_streambufIcNS_11char_traitsIcEEE5pbaseEv
FN:252,_ZNKSt3__115basic_streambufIcNS_11char_traitsIcEEE4pptrEv
FN:253,_ZNKSt3__115basic_streambufIcNS_11char_traitsIcEEE5epptrEv
FN:256,_ZNSt3__115basic_streambufIcNS_11char_traitsIcEEE5pbumpEi
FN:259,_ZNSt3__115basic_streambufIcNS_11char_traitsIcEEE4setpEPcS4_
FNDA:0,_ZNSt3__115basic_streambufIcNS_11char_traitsIcEEE5sputcEc
FNDA:0,_ZNKSt3__115basic_streambufIcNS_11char_traitsIcEEE5ebackEv
FNDA:0,_ZNKSt3__115basic_streambufIcNS_11char_traitsIcEEE4gptrEv
FNDA:0,_ZNKSt3__115basic_streambufIcNS_11char_traitsIcEEE5egptrEv
FNDA:0,_ZNSt3__115basic_streambufIcNS_11char_traitsIcEEE4setgEPcS4_S4_
FNDA:0,_ZNKSt3__115basic_streambufIcNS_11char_traitsIcEEE5pbaseEv
FNDA:0,_ZNKSt3__115basic_streambufIcNS_11char_traitsIcEEE4pptrEv
FNDA:0,_ZNKSt3__115basic_streambufIcNS_11char_traitsIcEEE5epptrEv
FNDA:0,_ZNSt3__115basic_streambufIcNS_11char_traitsIcEEE5pbumpEi
FNDA:0,_ZNSt3__115basic_streambufIcNS_11char_traitsIcEEE4setpEPcS4_
FNF:10
FNH:0
DA:219,0
DA:220,0
DA:221,0
DA:222,0
DA:223,0
DA:236,0
DA:237,0
DA:238,0
DA:245,0
DA:246,0
DA:247,0
DA:248,0
DA:251,0
DA:252,0
DA:253,0
DA:256,0
DA:260,0
DA:261,0
DA:262,0
LF:19
LH:0
end_of_record
SF:/Applications/Xcode.app/Contents/Developer/Toolchains/XcodeDefault.xctoolchain/usr/include/c++/v1/string
FN:508,_ZNSt3__14fposI11__mbstate_tEC1Ex
FN:508,_ZNSt3__14fposI11__mbstate_tEC2Ex
FN:510,_ZNKSt3__14fposI11__mbstate_tEcvxEv
FN:888,_ZNKSt3__112basic_stringIcNS_11char_traitsIcEENS_9allocatorIcEEE4sizeEv
FN:892,_ZNKSt3__112basic_stringIcNS_11char_traitsIcEENS_9allocatorIcEEE8capacityEv
FN:897,_ZNSt3__112basic_stringIcNS_11char_traitsIcEENS_9allocatorIcEEE6resizeEm
FN:1127,_ZNKSt3__112basic_stringIcNS_11char_traitsIcEENS_9allocatorIcEEE5c_strEv
FN:1129,_ZNKSt3__112basic_stringIcNS_11char_traitsIcEENS_9allocatorIcEEE4dataEv
FN:1136,_ZNKSt3__112basic_stringIcNS_11char_traitsIcEENS_9allocatorIcEEE13get_allocatorEv
FN:1220,_ZNKSt3__112basic_stringIcNS_11char_traitsIcEENS_9allocatorIcEEE9__is_longEv
FN:1234,_ZNSt3__112basic_stringIcNS_11char_traitsIcEENS_9allocatorIcEEE7__allocEv
FN:1237,_ZNKSt3__112basic_stringIcNS_11char_traitsIcEENS_9allocatorIcEEE7__allocEv
FN:1261,_ZNSt3__112basic_stringIcNS_11char_traitsIcEENS_9allocatorIcEEE16__set_short_sizeEm
FN:1269,_ZNKSt3__112basic_stringIcNS_11char_traitsIcEENS_9allocatorIcEEE16__get_short_sizeEv
FN:1279,_ZNSt3__112basic_stringIcNS_11char_traitsIcEENS_9allocatorIcEEE15__set_long_sizeEm
FN:1282,_ZNKSt3__112basic_stringIcNS_11char_traitsIcEENS_9allocatorIcEEE15__get_long_sizeEv
FN:1289,_ZNSt3__112basic_stringIcNS_11char_traitsIcEENS_9allocatorIcEEE14__set_long_capEm
FN:1292,_ZNKSt3__112basic_stringIcNS_11char_traitsIcEENS_9allocatorIcEEE14__get_long_capEv
FN:1296,_ZNSt3__112basic_stringIcNS_11char_traitsIcEENS_9allocatorIcEEE18__set_long_pointerEPc
FN:1302,_ZNKSt3__112basic_stringIcNS_11char_traitsIcEENS_9allocatorIcEEE18__get_long_pointerEv
FN:1305,_ZNSt3__112basic_stringIcNS_11char_traitsIcEENS_9allocatorIcEEE19__get_short_pointerEv
FN:1308,_ZNKSt3__112basic_stringIcNS_11char_traitsIcEENS_9allocatorIcEEE19__get_short_pointerEv
FN:1314,_ZNKSt3__112basic_stringIcNS_11char_traitsIcEENS_9allocatorIcEEE13__get_pointerEv
FN:1318,_ZNSt3__112basic_stringIcNS_11char_traitsIcEENS_9allocatorIcEEE6__zeroEv
FN:1327,_ZNSt3__112basic_stringIcNS_11char_traitsIcEENS_9allocatorIcEEE10__align_itILm16EEEmm
FN:1331,_ZNSt3__112basic_stringIcNS_11char_traitsIcEENS_9allocatorIcEEE11__recommendEm
FN:1492,_ZNSt3__112basic_stringIcNS_11char_traitsIcEENS_9allocatorIcEEEC2Ev
FN:1492,_ZNSt3__112basic_stringIcNS_11char_traitsIcEENS_9allocatorIcEEEC1Ev
FN:1503,_ZNSt3__112basic_stringIcNS_11char_traitsIcEENS_9allocatorIcEEEC2ERKS4_
FN:1503,_ZNSt3__112basic_stringIcNS_11char_traitsIcEENS_9allocatorIcEEEC1ERKS4_
FN:1568,_ZNSt3__112basic_stringIcNS_11char_traitsIcEENS_9allocatorIcEEEC1EPKc
FN:1568,_ZNSt3__112basic_stringIcNS_11char_traitsIcEENS_9allocatorIcEEEC2EPKc
FN:1824,_ZNSt3__112basic_stringIcNS_11char_traitsIcEENS_9allocatorIcEEE6__initIPcEENS_9enable_ifIXsr21__is_forward_iteratorIT_EE5valueEvE4typeES9_S9_
FN:1862,_ZNSt3__112basic_stringIcNS_11char_traitsIcEENS_9allocatorIcEEEC2IPcEET_S8_RKS4_
FN:1862,_ZNSt3__112basic_stringIcNS_11char_traitsIcEENS_9allocatorIcEEEC1IPcEET_S8_RKS4_
FN:2870,_ZNKSt3__112basic_stringIcNS_11char_traitsIcEENS_9allocatorIcEEE8max_sizeEv
FNDA:0,_ZNSt3__14fposI11__mbstate_tEC1Ex
FNDA:0,_ZNSt3__14fposI11__mbstate_tEC2Ex
FNDA:0,_ZNKSt3__14fposI11__mbstate_tEcvxEv
FNDA:0,_ZNKSt3__112basic_stringIcNS_11char_traitsIcEENS_9allocatorIcEEE4sizeEv
FNDA:0,_ZNKSt3__112basic_stringIcNS_11char_traitsIcEENS_9allocatorIcEEE8capacityEv
FNDA:0,_ZNSt3__112basic_stringIcNS_11char_traitsIcEENS_9allocatorIcEEE6resizeEm
FNDA:0,_ZNKSt3__112basic_stringIcNS_11char_traitsIcEENS_9allocatorIcEEE5c_strEv
FNDA:0,_ZNKSt3__112basic_stringIcNS_11char_traitsIcEENS_9allocatorIcEEE4dataEv
FNDA:0,_ZNKSt3__112basic_stringIcNS_11char_traitsIcEENS_9allocatorIcEEE13get_allocatorEv
FNDA:0,_ZNKSt3__112basic_stringIcNS_11char_traitsIcEENS_9allocatorIcEEE9__is_longEv
FNDA:0,_ZNSt3__112basic_stringIcNS_11char_traitsIcEENS_9allocatorIcEEE7__allocEv
FNDA:0,_ZNKSt3__112basic_stringIcNS_11char_traitsIcEENS_9allocatorIcEEE7__allocEv
FNDA:0,_ZNSt3__112basic_stringIcNS_11char_traitsIcEENS_9allocatorIcEEE16__set_short_sizeEm
FNDA:0,_ZNKSt3__112basic_stringIcNS_11char_traitsIcEENS_9allocatorIcEEE16__get_short_sizeEv
FNDA:0,_ZNSt3__112basic_stringIcNS_11char_traitsIcEENS_9allocatorIcEEE15__set_long_sizeEm
FNDA:0,_ZNKSt3__112basic_stringIcNS_11char_traitsIcEENS_9allocatorIcEEE15__get_long_sizeEv
FNDA:0,_ZNSt3__112basic_stringIcNS_11char_traitsIcEENS_9allocatorIcEEE14__set_long_capEm
FNDA:0,_ZNKSt3__112basic_stringIcNS_11char_traitsIcEENS_9allocatorIcEEE14__get_long_capEv
FNDA:0,_ZNSt3__112basic_stringIcNS_11char_traitsIcEENS_9allocatorIcEEE18__set_long_pointerEPc
FNDA:0,_ZNKSt3__112basic_stringIcNS_11char_traitsIcEENS_9allocatorIcEEE18__get_long_pointerEv
FNDA:0,_ZNSt3__112basic_stringIcNS_11char_traitsIcEENS_9allocatorIcEEE19__get_short_pointerEv
FNDA:0,_ZNKSt3__112basic_stringIcNS_11char_traitsIcEENS_9allocatorIcEEE19__get_short_pointerEv
FNDA:0,_ZNKSt3__112basic_stringIcNS_11char_traitsIcEENS_9allocatorIcEEE13__get_pointerEv
FNDA:0,_ZNSt3__112basic_stringIcNS_11char_traitsIcEENS_9allocatorIcEEE6__zeroEv
FNDA:0,_ZNSt3__112basic_stringIcNS_11char_traitsIcEENS_9allocatorIcEEE10__align_itILm16EEEmm
FNDA:0,_ZNSt3__112basic_stringIcNS_11char_traitsIcEENS_9allocatorIcEEE11__recommendEm
FNDA:0,_ZNSt3__112basic_stringIcNS_11char_traitsIcEENS_9allocatorIcEEEC1Ev
FNDA:0,_ZNSt3__112basic_stringIcNS_11char_traitsIcEENS_9allocatorIcEEEC2Ev
FNDA:0,_ZNSt3__112basic_stringIcNS_11char_traitsIcEENS_9allocatorIcEEEC1ERKS4_
FNDA:0,_ZNSt3__112basic_stringIcNS_11char_traitsIcEENS_9allocatorIcEEEC2ERKS4_
FNDA:12,_ZNSt3__112basic_stringIcNS_11char_traitsIcEENS_9allocatorIcEEEC1EPKc
FNDA:12,_ZNSt3__112basic_stringIcNS_11char_traitsIcEENS_9allocatorIcEEEC2EPKc
FNDA:0,_ZNSt3__112basic_stringIcNS_11char_traitsIcEENS_9allocatorIcEEE6__initIPcEENS_9enable_ifIXsr21__is_forward_iteratorIT_EE5valueEvE4typeES9_S9_
FNDA:0,_ZNSt3__112basic_stringIcNS_11char_traitsIcEENS_9allocatorIcEEEC1IPcEET_S8_RKS4_
FNDA:0,_ZNSt3__112basic_stringIcNS_11char_traitsIcEENS_9allocatorIcEEEC2IPcEET_S8_RKS4_
FNDA:0,_ZNKSt3__112basic_stringIcNS_11char_traitsIcEENS_9allocatorIcEEE8max_sizeEv
FNF:36
FNH:2
DA:508,0
DA:510,0
DA:750,0
DA:775,12
DA:889,0
DA:893,0
DA:894,0
DA:897,0
DA:1127,0
DA:1129,0
DA:1136,0
DA:1221,0
DA:1235,0
DA:1238,0
DA:1265,0
DA:1273,0
DA:1280,0
DA:1283,0
DA:1290,0
DA:1293,0
DA:1297,0
DA:1303,0
DA:1306,0
DA:1309,0
DA:1315,0
DA:1320,0
DA:1321,0
DA:1322,0
DA:1323,0
DA:1328,0
DA:1332,0
DA:1333,0
DA:1334,0
DA:1494,0
DA:1498,0
DA:1499,0
DA:1509,0
DA:1510,0
DA:1514,0
DA:1515,0
DA:1569,24
DA:1571,12
DA:1575,24
DA:1826,0
DA:1827,0
DA:1828,0
DA:1830,0
DA:1832,0
DA:1833,0
DA:1834,0
DA:1837,0
DA:1838,0
DA:1839,0
DA:1840,0
DA:1841,0
DA:1843,0
DA:1844,0
DA:1845,0
DA:1846,0
DA:1864,0
DA:1865,0
DA:1866,0
DA:1870,0
DA:2872,0
DA:2876,0
LF:65
LH:4
end_of_record
SF:/Applications/Xcode.app/Contents/Developer/Toolchains/XcodeDefault.xctoolchain/usr/include/c++/v1/type_traits
FN:437,_ZNSt3__19addressofIKcEEPT_RS2_
FN:437,_ZNSt3__19addressofIcEEPT_RS1_
FN:2219,_ZNSt3__17forwardIRKNS_6vectorIbNS_9allocatorIbEEEEEEOT_RNS_16remove_referenceIS7_E4typeE
FN:2219,_ZNSt3__17forwardINS_9allocatorImEEEEOT_RNS_16remove_referenceIS3_E4typeE
FN:2219,_ZNSt3__17forwardIRNS_6vectorIbNS_9allocatorIbEEEEEEOT_RNS_16remove_referenceIS6_E4typeE
FN:2219,_ZNSt3__17forwardIiEEOT_RNS_16remove_referenceIS1_E4typeE
FN:2219,_ZNSt3__17forwardIRKNS_9allocatorIcEEEEOT_RNS_16remove_referenceIS5_E4typeE
FN:2219,_ZNSt3__17forwardIDnEEOT_RNS_16remove_referenceIS1_E4typeE
FN:2219,_ZNSt3__17forwardIRKNS_9allocatorINS_6vectorIbNS1_IbEEEEEEEEOT_RNS_16remove_referenceIS8_E4typeE
FNDA:0,_ZNSt3__19addressofIKcEEPT_RS2_
FNDA:0,_ZNSt3__19addressofIcEEPT_RS1_
FNDA:0,_ZNSt3__17forwardIiEEOT_RNS_16remove_referenceIS1_E4typeE
FNDA:12,_ZNSt3__17forwardIDnEEOT_RNS_16remove_referenceIS1_E4typeE
FNDA:0,_ZNSt3__17forwardIRKNS_6vectorIbNS_9allocatorIbEEEEEEOT_RNS_16remove_referenceIS7_E4typeE
FNDA:0,_ZNSt3__17forwardINS_9allocatorImEEEEOT_RNS_16remove_referenceIS3_E4typeE
FNDA:0,_ZNSt3__17forwardIRKNS_9allocatorINS_6vectorIbNS1_IbEEEEEEEEOT_RNS_16remove_referenceIS8_E4typeE
FNDA:0,_ZNSt3__17forwardIRNS_6vectorIbNS_9allocatorIbEEEEEEOT_RNS_16remove_referenceIS6_E4typeE
FNDA:0,_ZNSt3__17forwardIRKNS_9allocatorIcEEEEOT_RNS_16remove_referenceIS5_E4typeE
FNF:9
FNH:1
DA:439,0
DA:2221,12
LF:2
LH:1
end_of_record
SF:/Applications/Xcode.app/Contents/Developer/Toolchains/XcodeDefault.xctoolchain/usr/include/c++/v1/vector
FN:294,_ZNSt3__120__vector_base_commonILb1EEC2Ev
FN:337,_ZNSt3__113__vector_baseINS_6vectorIbNS_9allocatorIbEEEENS2_IS4_EEE7__allocEv
FN:340,_ZNKSt3__113__vector_baseINS_6vectorIbNS_9allocatorIbEEEENS2_IS4_EEE7__allocEv
FN:343,_ZNSt3__113__vector_baseINS_6vectorIbNS_9allocatorIbEEEENS2_IS4_EEE9__end_capEv
FN:346,_ZNKSt3__113__vector_baseINS_6vectorIbNS_9allocatorIbEEEENS2_IS4_EEE9__end_capEv
FN:356,_ZNSt3__113__vector_baseINS_6vectorIbNS_9allocatorIbEEEENS2_IS4_EEE5clearEv
FN:358,_ZNKSt3__113__vector_baseINS_6vectorIbNS_9allocatorIbEEEENS2_IS4_EEE8capacityEv
FN:409,_ZNSt3__113__vector_baseINS_6vectorIbNS_9allocatorIbEEEENS2_IS4_EEE17__destruct_at_endEPS4_
FN:419,_ZNSt3__113__vector_baseINS_6vectorIbNS_9allocatorIbEEEENS2_IS4_EEEC2Ev
FN:429,_ZNSt3__113__vector_baseINS_6vectorIbNS_9allocatorIbEEEENS2_IS4_EEEC2ERKS5_
FN:437,_ZNSt3__113__vector_baseINS_6vectorIbNS_9allocatorIbEEEENS2_IS4_EEED2Ev
FN:447,_ZNSt3__16vectorINS0_IbNS_9allocatorIbEEEENS1_IS3_EEED1Ev
FN:447,_ZNSt3__16vectorINS0_IbNS_9allocatorIbEEEENS1_IS3_EEED2Ev
FN:632,_ZNKSt3__16vectorINS0_IbNS_9allocatorIbEEEENS1_IS3_EEE4sizeEv
FN:635,_ZNKSt3__16vectorINS0_IbNS_9allocatorIbEEEENS1_IS3_EEE8capacityEv
FN:674,_ZNKSt3__16vectorINS0_IbNS_9allocatorIbEEEENS1_IS3_EEE4dataEv
FN:827,_ZNKSt3__16vectorINS0_IbNS_9allocatorIbEEEENS1_IS3_EEE31__annotate_contiguous_containerEPKvS7_S7_S7_
FN:831,_ZNKSt3__16vectorINS0_IbNS_9allocatorIbEEEENS1_IS3_EEE14__annotate_newEm
FN:875,_ZNSt3__16vectorINS0_IbNS_9allocatorIbEEEENS1_IS3_EEE24__RAII_IncreaseAnnotatorC2ERKS5_m
FN:875,_ZNSt3__16vectorINS0_IbNS_9allocatorIbEEEENS1_IS3_EEE24__RAII_IncreaseAnnotatorC1ERKS5_m
FN:876,_ZNSt3__16vectorINS0_IbNS_9allocatorIbEEEENS1_IS3_EEE24__RAII_IncreaseAnnotator6__doneEv
FN:922,_ZNSt3__16vectorINS0_IbNS_9allocatorIbEEEENS1_IS3_EEE8allocateEm
FN:945,_ZNKSt3__16vectorINS0_IbNS_9allocatorIbEEEENS1_IS3_EEE8max_sizeEv
FN:1015,_ZNSt3__16vectorINS0_IbNS_9allocatorIbEEEENS1_IS3_EEE18__construct_at_endIPS3_EENS_9enable_ifIXsr21__is_forward_iteratorIT_EE5valueEvE4typeES9_S9_m
FN:1015,_ZNSt3__16vectorINS0_IbNS_9allocatorIbEEEENS1_IS3_EEE18__construct_at_endIPKS3_EENS_9enable_ifIXsr21__is_forward_iteratorIT_EE5valueEvE4typeESA_SA_m
FN:1192,_ZNSt3__16vectorINS0_IbNS_9allocatorIbEEEENS1_IS3_EEEC2ERKS5_
FN:1192,_ZNSt3__16vectorINS0_IbNS_9allocatorIbEEEENS1_IS3_EEEC1ERKS5_
FN:1270,_ZNSt3__16vectorINS0_IbNS_9allocatorIbEEEENS1_IS3_EEEC2ESt16initializer_listIS3_E
FN:1270,_ZNSt3__16vectorINS0_IbNS_9allocatorIbEEEENS1_IS3_EEEC1ESt16initializer_listIS3_E
FN:2169,_ZNSt3__16vectorIbNS_9allocatorIbEEE5__capEv
FN:2175,_ZNSt3__16vectorIbNS_9allocatorIbEEE7__allocEv
FN:2178,_ZNKSt3__16vectorIbNS_9allocatorIbEEE7__allocEv
FN:2184,_ZNSt3__16vectorIbNS_9allocatorIbEEE26__internal_cap_to_externalEm
FN:2187,_ZNSt3__16vectorIbNS_9allocatorIbEEE26__external_cap_to_internalEm
FN:2280,_ZNKSt3__16vectorIbNS_9allocatorIbEEE4sizeEv
FN:2292,_ZNKSt3__16vectorIbNS_9allocatorIbEEE5beginEv
FN:2298,_ZNKSt3__16vectorIbNS_9allocatorIbEEE3endEv
FN:2430,_ZNSt3__16vectorIbNS_9allocatorIbEEE11__make_iterEm
FN:2433,_ZNKSt3__16vectorIbNS_9allocatorIbEEE11__make_iterEm
FN:2490,_ZNSt3__16vectorIbNS_9allocatorIbEEE26__invalidate_all_iteratorsEv
FN:2503,_ZNSt3__16vectorIbNS_9allocatorIbEEE8allocateEm
FN:2528,_ZNKSt3__16vectorIbNS_9allocatorIbEEE8max_sizeEv
FN:2573,_ZNSt3__16vectorIbNS_9allocatorIbEEE18__construct_at_endIPKbEENS_9enable_ifIXsr21__is_forward_iteratorIT_EE5valueEvE4typeES8_S8_
FN:2573,_ZNSt3__16vectorIbNS_9allocatorIbEEE18__construct_at_endINS_14__bit_iteratorIS3_Lb1ELm0EEEEENS_9enable_ifIXsr21__is_forward_iteratorIT_EE5valueEvE4typeES8_S8_
FN:2747,_ZNSt3__16vectorIbNS_9allocatorIbEEEC1ESt16initializer_listIbE
FN:2747,_ZNSt3__16vectorIbNS_9allocatorIbEEEC2ESt16initializer_listIbE
FN:2777,_ZNSt3__16vectorIbNS_9allocatorIbEEED2Ev
FN:2777,_ZNSt3__16vectorIbNS_9allocatorIbEEED1Ev
FN:2785,_ZNSt3__16vectorIbNS_9allocatorIbEEEC2ERKS3_
FN:2785,_ZNSt3__16vectorIbNS_9allocatorIbEEEC1ERKS3_
FNDA:6,_ZNSt3__120__vector_base_commonILb1EEC2Ev
FNDA:0,_ZNSt3__113__vector_baseINS_6vectorIbNS_9allocatorIbEEEENS2_IS4_EEE7__allocEv
FNDA:0,_ZNKSt3__113__vector_baseINS_6vectorIbNS_9allocatorIbEEEENS2_IS4_EEE7__allocEv
FNDA:0,_ZNSt3__113__vector_baseINS_6vectorIbNS_9allocatorIbEEEENS2_IS4_EEE9__end_capEv
FNDA:0,_ZNKSt3__113__vector_baseINS_6vectorIbNS_9allocatorIbEEEENS2_IS4_EEE9__end_capEv
FNDA:0,_ZNSt3__113__vector_baseINS_6vectorIbNS_9allocatorIbEEEENS2_IS4_EEE5clearEv
FNDA:0,_ZNKSt3__113__vector_baseINS_6vectorIbNS_9allocatorIbEEEENS2_IS4_EEE8capacityEv
FNDA:0,_ZNSt3__113__vector_baseINS_6vectorIbNS_9allocatorIbEEEENS2_IS4_EEE17__destruct_at_endEPS4_
FNDA:6,_ZNSt3__113__vector_baseINS_6vectorIbNS_9allocatorIbEEEENS2_IS4_EEEC2Ev
FNDA:0,_ZNSt3__113__vector_baseINS_6vectorIbNS_9allocatorIbEEEENS2_IS4_EEEC2ERKS5_
FNDA:0,_ZNSt3__113__vector_baseINS_6vectorIbNS_9allocatorIbEEEENS2_IS4_EEED2Ev
FNDA:0,_ZNSt3__16vectorINS0_IbNS_9allocatorIbEEEENS1_IS3_EEED1Ev
FNDA:0,_ZNSt3__16vectorINS0_IbNS_9allocatorIbEEEENS1_IS3_EEED2Ev
FNDA:0,_ZNKSt3__16vectorINS0_IbNS_9allocatorIbEEEENS1_IS3_EEE4sizeEv
FNDA:0,_ZNKSt3__16vectorINS0_IbNS_9allocatorIbEEEENS1_IS3_EEE8capacityEv
FNDA:0,_ZNKSt3__16vectorINS0_IbNS_9allocatorIbEEEENS1_IS3_EEE4dataEv
FNDA:0,_ZNKSt3__16vectorINS0_IbNS_9allocatorIbEEEENS1_IS3_EEE31__annotate_contiguous_containerEPKvS7_S7_S7_
FNDA:0,_ZNKSt3__16vectorINS0_IbNS_9allocatorIbEEEENS1_IS3_EEE14__annotate_newEm
FNDA:0,_ZNSt3__16vectorINS0_IbNS_9allocatorIbEEEENS1_IS3_EEE24__RAII_IncreaseAnnotatorC1ERKS5_m
FNDA:0,_ZNSt3__16vectorINS0_IbNS_9allocatorIbEEEENS1_IS3_EEE24__RAII_IncreaseAnnotatorC2ERKS5_m
FNDA:0,_ZNSt3__16vectorINS0_IbNS_9allocatorIbEEEENS1_IS3_EEE24__RAII_IncreaseAnnotator6__doneEv
FNDA:0,_ZNSt3__16vectorINS0_IbNS_9allocatorIbEEEENS1_IS3_EEE8allocateEm
FNDA:0,_ZNKSt3__16vectorINS0_IbNS_9allocatorIbEEEENS1_IS3_EEE8max_sizeEv
FNDA:0,_ZNSt3__16vectorINS0_IbNS_9allocatorIbEEEENS1_IS3_EEE18__construct_at_endIPKS3_EENS_9enable_ifIXsr21__is_forward_iteratorIT_EE5valueEvE4typeESA_SA_m
FNDA:0,_ZNSt3__16vectorINS0_IbNS_9allocatorIbEEEENS1_IS3_EEE18__construct_at_endIPS3_EENS_9enable_ifIXsr21__is_forward_iteratorIT_EE5valueEvE4typeES9_S9_m
FNDA:0,_ZNSt3__16vectorINS0_IbNS_9allocatorIbEEEENS1_IS3_EEEC1ERKS5_
FNDA:0,_ZNSt3__16vectorINS0_IbNS_9allocatorIbEEEENS1_IS3_EEEC2ERKS5_
FNDA:6,_ZNSt3__16vectorINS0_IbNS_9allocatorIbEEEENS1_IS3_EEEC1ESt16initializer_listIS3_E
FNDA:6,_ZNSt3__16vectorINS0_IbNS_9allocatorIbEEEENS1_IS3_EEEC2ESt16initializer_listIS3_E
FNDA:0,_ZNSt3__16vectorIbNS_9allocatorIbEEE5__capEv
FNDA:0,_ZNSt3__16vectorIbNS_9allocatorIbEEE7__allocEv
FNDA:0,_ZNKSt3__16vectorIbNS_9allocatorIbEEE7__allocEv
FNDA:0,_ZNSt3__16vectorIbNS_9allocatorIbEEE26__internal_cap_to_externalEm
FNDA:0,_ZNSt3__16vectorIbNS_9allocatorIbEEE26__external_cap_to_internalEm
FNDA:0,_ZNKSt3__16vectorIbNS_9allocatorIbEEE4sizeEv
FNDA:0,_ZNKSt3__16vectorIbNS_9allocatorIbEEE5beginEv
FNDA:0,_ZNKSt3__16vectorIbNS_9allocatorIbEEE3endEv
FNDA:0,_ZNSt3__16vectorIbNS_9allocatorIbEEE11__make_iterEm
FNDA:0,_ZNKSt3__16vectorIbNS_9allocatorIbEEE11__make_iterEm
FNDA:0,_ZNSt3__16vectorIbNS_9allocatorIbEEE26__invalidate_all_iteratorsEv
FNDA:0,_ZNSt3__16vectorIbNS_9allocatorIbEEE8allocateEm
FNDA:0,_ZNKSt3__16vectorIbNS_9allocatorIbEEE8max_sizeEv
FNDA:0,_ZNSt3__16vectorIbNS_9allocatorIbEEE18__construct_at_endIPKbEENS_9enable_ifIXsr21__is_forward_iteratorIT_EE5valueEvE4typeES8_S8_
FNDA:0,_ZNSt3__16vectorIbNS_9allocatorIbEEE18__construct_at_endINS_14__bit_iteratorIS3_Lb1ELm0EEEEENS_9enable_ifIXsr21__is_forward_iteratorIT_EE5valueEvE4typeES8_S8_
FNDA:0,_ZNSt3__16vectorIbNS_9allocatorIbEEEC1ESt16initializer_listIbE
FNDA:0,_ZNSt3__16vectorIbNS_9allocatorIbEEEC2ESt16initializer_listIbE
FNDA:0,_ZNSt3__16vectorIbNS_9allocatorIbEEED1Ev
FNDA:0,_ZNSt3__16vectorIbNS_9allocatorIbEEED2Ev
FNDA:0,_ZNSt3__16vectorIbNS_9allocatorIbEEEC1ERKS3_
FNDA:0,_ZNSt3__16vectorIbNS_9allocatorIbEEEC2ERKS3_
FNF:50
FNH:4
DA:294,6
DA:338,0
DA:341,0
DA:344,0
DA:347,0
DA:350,6
DA:352,0
DA:356,0
DA:359,0
DA:411,0
DA:412,0
DA:413,0
DA:414,0
DA:415,0
DA:421,6
DA:422,6
DA:423,6
DA:424,6
DA:425,6
DA:430,0
DA:431,0
DA:432,0
DA:433,0
DA:434,0
DA:439,0
DA:441,0
DA:442,0
DA:443,0
DA:444,0
DA:447,0
DA:541,6
DA:633,0
DA:636,0
DA:675,0
DA:828,0
DA:832,0
DA:833,0
DA:834,0
DA:875,0
DA:876,0
DA:924,0
DA:925,0
DA:926,0
DA:927,0
DA:928,0
DA:929,0
DA:947,0
DA:948,0
DA:1017,0
DA:1018,0
DA:1019,0
DA:1020,0
DA:1021,0
DA:1193,0
DA:1194,0
DA:1198,0
DA:1199,0
DA:1201,0
DA:1202,0
DA:1203,0
DA:1204,0
DA:1271,12
DA:1275,6
DA:1277,6
DA:1278,6
DA:1279,6
DA:1280,12
DA:2170,0
DA:2176,0
DA:2179,0
DA:2185,0
DA:2188,0
DA:2222,0
DA:2227,0
DA:2281,0
DA:2293,0
DA:2299,0
DA:2431,0
DA:2434,0
DA:2492,0
DA:2505,0
DA:2506,0
DA:2507,0
DA:2508,0
DA:2509,0
DA:2510,0
DA:2511,0
DA:2530,0
DA:2531,0
DA:2532,0
DA:2533,0
DA:2534,0
DA:2535,0
DA:2575,0
DA:2576,0
DA:2577,0
DA:2578,0
DA:2748,0
DA:2749,0
DA:2750,0
DA:2751,0
DA:2752,0
DA:2753,0
DA:2755,0
DA:2756,0
DA:2757,0
DA:2758,0
DA:2778,0
DA:2779,0
DA:2780,0
DA:2781,0
DA:2782,0
DA:2786,0
DA:2787,0
DA:2788,0
DA:2789,0
DA:2790,0
DA:2792,0
DA:2793,0
DA:2794,0
DA:2795,0
LF:121
LH:14
end_of_record
SF:/Users/vpomsztein/Documents/PrivateRepositories/Algoritmos1/TPI/juegoDeLaVida/lib/googletest-master/googletest/include/gtest/gtest-message.h
FN:85,_ZN7testing7MessageD1Ev
FN:85,_ZN7testing7MessageD2Ev
FNDA:0,_ZN7testing7MessageD1Ev
FNDA:0,_ZN7testing7MessageD2Ev
FNF:2
FNH:0
DA:85,0
LF:1
LH:0
end_of_record
SF:/Users/vpomsztein/Documents/PrivateRepositories/Algoritmos1/TPI/juegoDeLaVida/lib/googletest-master/googletest/include/gtest/gtest-printers.h
FN:222,_ZN16testing_internal26DefaultPrintNonContainerToIiEEvRKT_PNSt3__113basic_ostreamIcNS4_11char_traitsIcEEEE
FN:275,_ZN7testing8internal19FormatForComparisonIiiE6FormatERKi
FN:349,_ZN7testing8internal33FormatForComparisonFailureMessageIiiEENSt3__112basic_stringIcNS2_11char_traitsIcEENS2_9allocatorIcEEEERKT_RKT0_
FN:442,_ZN7testing8internal14DefaultPrintToIiEEvNS0_15WrapPrinterTypeILNS0_18DefaultPrinterTypeE3EEERKT_PNSt3__113basic_ostreamIcNS8_11char_traitsIcEEEE
FN:459,_ZN7testing8internal7PrintToIiEEvRKT_PNSt3__113basic_ostreamIcNS5_11char_traitsIcEEEE
FN:714,_ZN7testing8internal16UniversalPrinterIiE5PrintERKiPNSt3__113basic_ostreamIcNS5_11char_traitsIcEEEE
FN:799,_ZN7testing8internal21UniversalTersePrinterIiE5PrintERKiPNSt3__113basic_ostreamIcNS5_11char_traitsIcEEEE
FN:868,_ZN7testing8internal14UniversalPrintIiEEvRKT_PNSt3__113basic_ostreamIcNS5_11char_traitsIcEEEE
FN:996,_ZN7testing13PrintToStringIiEENSt3__112basic_stringIcNS1_11char_traitsIcEENS1_9allocatorIcEEEERKT_
FNDA:0,_ZN16testing_internal26DefaultPrintNonContainerToIiEEvRKT_PNSt3__113basic_ostreamIcNS4_11char_traitsIcEEEE
FNDA:0,_ZN7testing8internal19FormatForComparisonIiiE6FormatERKi
FNDA:0,_ZN7testing8internal33FormatForComparisonFailureMessageIiiEENSt3__112basic_stringIcNS2_11char_traitsIcEENS2_9allocatorIcEEEERKT_RKT0_
FNDA:0,_ZN7testing8internal14DefaultPrintToIiEEvNS0_15WrapPrinterTypeILNS0_18DefaultPrinterTypeE3EEERKT_PNSt3__113basic_ostreamIcNS8_11char_traitsIcEEEE
FNDA:0,_ZN7testing8internal7PrintToIiEEvRKT_PNSt3__113basic_ostreamIcNS5_11char_traitsIcEEEE
FNDA:0,_ZN7testing8internal16UniversalPrinterIiE5PrintERKiPNSt3__113basic_ostreamIcNS5_11char_traitsIcEEEE
FNDA:0,_ZN7testing8internal21UniversalTersePrinterIiE5PrintERKiPNSt3__113basic_ostreamIcNS5_11char_traitsIcEEEE
FNDA:0,_ZN7testing8internal14UniversalPrintIiEEvRKT_PNSt3__113basic_ostreamIcNS5_11char_traitsIcEEEE
FNDA:0,_ZN7testing13PrintToStringIiEENSt3__112basic_stringIcNS1_11char_traitsIcEENS1_9allocatorIcEEEERKT_
FNF:9
FNH:0
DA:249,0
DA:250,0
DA:276,0
DA:351,0
DA:444,0
DA:445,0
DA:481,0
DA:493,0
DA:494,0
DA:723,0
DA:724,0
DA:800,0
DA:801,0
DA:872,0
DA:873,0
DA:997,0
DA:998,0
DA:999,0
DA:1000,0
LF:19
LH:0
end_of_record
SF:/Users/vpomsztein/Documents/PrivateRepositories/Algoritmos1/TPI/juegoDeLaVida/lib/googletest-master/googletest/include/gtest/gtest.h
FN:256,_ZN7testing15AssertionResultD2Ev
FN:256,_ZN7testing15AssertionResultD1Ev
FN:272,_ZN7testing15AssertionResultC2IbEERKT_PNS_8internal8EnableIfIXntsr8internal21ImplicitlyConvertibleIS2_S0_EE5valueEE4typeE
FN:272,_ZN7testing15AssertionResultC1IbEERKT_PNS_8internal8EnableIfIXntsr8internal21ImplicitlyConvertibleIS2_S0_EE5valueEE4typeE
FN:288,_ZNK7testing15AssertionResultcvbEv
FN:297,_ZNK7testing15AssertionResult7messageEv
FN:302,_ZNK7testing15AssertionResult15failure_messageEv
FN:389,_ZN7testing4Test13SetUpTestCaseEv
FN:397,_ZN7testing4Test16TearDownTestCaseEv
FN:474,_ZN7testing4Test5SetupEv
FN:1375,_ZN7testing8internal18CmpHelperEQFailureIiiEENS_15AssertionResultEPKcS4_RKT_RKT0_
FN:1387,_ZN7testing8internal11CmpHelperEQIiiEENS_15AssertionResultEPKcS4_RKT_RKT0_
FN:1417,_ZN7testing8internal8EqHelperILb0EE7CompareIiiEENS_15AssertionResultEPKcS6_RKT_RKT0_
FNDA:0,_ZN7testing15AssertionResultD1Ev
FNDA:0,_ZN7testing15AssertionResultD2Ev
FNDA:0,_ZN7testing15AssertionResultC1IbEERKT_PNS_8internal8EnableIfIXntsr8internal21ImplicitlyConvertibleIS2_S0_EE5valueEE4typeE
FNDA:0,_ZN7testing15AssertionResultC2IbEERKT_PNS_8internal8EnableIfIXntsr8internal21ImplicitlyConvertibleIS2_S0_EE5valueEE4typeE
FNDA:0,_ZNK7testing15AssertionResultcvbEv
FNDA:0,_ZNK7testing15AssertionResult7messageEv
FNDA:0,_ZNK7testing15AssertionResult15failure_messageEv
FNDA:0,_ZN7testing4Test13SetUpTestCaseEv
FNDA:0,_ZN7testing4Test16TearDownTestCaseEv
FNDA:0,_ZN7testing4Test5SetupEv
FNDA:0,_ZN7testing8internal18CmpHelperEQFailureIiiEENS_15AssertionResultEPKcS4_RKT_RKT0_
FNDA:12,_ZN7testing8internal11CmpHelperEQIiiEENS_15AssertionResultEPKcS4_RKT_RKT0_
FNDA:12,_ZN7testing8internal8EqHelperILb0EE7CompareIiiEENS_15AssertionResultEPKcS6_RKT_RKT0_
FNF:13
FNH:2
DA:256,0
DA:272,0
DA:277,0
DA:288,0
DA:298,0
DA:302,0
DA:389,0
DA:397,0
DA:474,0
DA:1378,0
DA:1379,0
DA:1380,0
DA:1381,0
DA:1383,0
DA:1392,12
DA:1393,12
DA:1397,0
DA:1398,12
DA:1421,12
LF:19
LH:4
end_of_record
SF:/Users/vpomsztein/Documents/PrivateRepositories/Algoritmos1/TPI/juegoDeLaVida/lib/googletest-master/googletest/include/gtest/internal/gtest-internal.h
FN:466,_ZN7testing8internal15TestFactoryBaseD0Ev
FN:466,_ZN7testing8internal15TestFactoryBaseD2Ev
FN:466,_ZN7testing8internal15TestFactoryBaseD1Ev
FN:473,_ZN7testing8internal15TestFactoryBaseC2Ev
FN:482,_ZN7testing8internal15TestFactoryImplI48esPeriodicoTEST_toroideHorizontalPeriodico2_TestEC2Ev
FN:482,_ZN7testing8internal15TestFactoryImplI36esPeriodicoTEST_toroideDiagonal_TestED2Ev
FN:482,_ZN7testing8internal15TestFactoryImplI48esPeriodicoTEST_toroideHorizontalPeriodico2_TestED1Ev
FN:482,_ZN7testing8internal15TestFactoryImplI37esPeriodicoTEST_toroideTodoFalso_TestEC1Ev
FN:482,_ZN7testing8internal15TestFactoryImplI48esPeriodicoTEST_toroideHorizontalPeriodico2_TestED2Ev
FN:482,_ZN7testing8internal15TestFactoryImplI36esPeriodicoTEST_toroideDiagonal_TestED0Ev
FN:482,_ZN7testing8internal15TestFactoryImplI36esPeriodicoTEST_toroideDiagonal_TestEC1Ev
FN:482,_ZN7testing8internal15TestFactoryImplI37esPeriodicoTEST_toroideTodoFalso_TestED2Ev
FN:482,_ZN7testing8internal15TestFactoryImplI48esPeriodicoTEST_toroideHorizontalPeriodico2_TestED0Ev
FN:482,_ZN7testing8internal15TestFactoryImplI37esPeriodicoTEST_toroideTodoFalso_TestEC2Ev
FN:482,_ZN7testing8internal15TestFactoryImplI36esPeriodicoTEST_toroideDiagonal_TestEC2Ev
FN:482,_ZN7testing8internal15TestFactoryImplI48esPeriodicoTEST_toroideHorizontalPeriodico2_TestEC1Ev
FN:482,_ZN7testing8internal15TestFactoryImplI37esPeriodicoTEST_toroideTodoFalso_TestED1Ev
FN:482,_ZN7testing8internal15TestFactoryImplI36esPeriodicoTEST_toroideDiagonal_TestED1Ev
FN:482,_ZN7testing8internal15TestFactoryImplI37esPeriodicoTEST_toroideTodoFalso_TestED0Ev
FN:484,_ZN7testing8internal15TestFactoryImplI36esPeriodicoTEST_toroideDiagonal_TestE10CreateTestEv
FN:484,_ZN7testing8internal15TestFactoryImplI48esPeriodicoTEST_toroideHorizontalPeriodico2_TestE10CreateTestEv
FN:484,_ZN7testing8internal15TestFactoryImplI37esPeriodicoTEST_toroideTodoFalso_TestE10CreateTestEv
FN:504,_ZN7testing8internal12CodeLocationD1Ev
FN:504,_ZN7testing8internal12CodeLocationD2Ev
FN:505,_ZN7testing8internal12CodeLocationC2ERKNSt3__112basic_stringIcNS2_11char_traitsIcEENS2_9allocatorIcEEEEi
FN:505,_ZN7testing8internal12CodeLocationC1ERKNSt3__112basic_stringIcNS2_11char_traitsIcEENS2_9allocatorIcEEEEi
FNDA:0,_ZN7testing8internal15TestFactoryBaseD1Ev
FNDA:0,_ZN7testing8internal15TestFactoryBaseD0Ev
FNDA:0,_ZN7testing8internal15TestFactoryBaseD2Ev
FNDA:0,_ZN7testing8internal15TestFactoryBaseC2Ev
FNDA:4,_ZN7testing8internal15TestFactoryImplI48esPeriodicoTEST_toroideHorizontalPeriodico2_TestEC1Ev
FNDA:4,_ZN7testing8internal15TestFactoryImplI37esPeriodicoTEST_toroideTodoFalso_TestEC1Ev
FNDA:4,_ZN7testing8internal15TestFactoryImplI36esPeriodicoTEST_toroideDiagonal_TestEC1Ev
FNDA:4,_ZN7testing8internal15TestFactoryImplI48esPeriodicoTEST_toroideHorizontalPeriodico2_TestEC2Ev
FNDA:4,_ZN7testing8internal15TestFactoryImplI48esPeriodicoTEST_toroideHorizontalPeriodico2_TestED1Ev
FNDA:4,_ZN7testing8internal15TestFactoryImplI48esPeriodicoTEST_toroideHorizontalPeriodico2_TestED0Ev
FNDA:4,_ZN7testing8internal15TestFactoryImplI48esPeriodicoTEST_toroideHorizontalPeriodico2_TestED2Ev
FNDA:4,_ZN7testing8internal15TestFactoryImplI37esPeriodicoTEST_toroideTodoFalso_TestEC2Ev
FNDA:4,_ZN7testing8internal15TestFactoryImplI37esPeriodicoTEST_toroideTodoFalso_TestED1Ev
FNDA:4,_ZN7testing8internal15TestFactoryImplI37esPeriodicoTEST_toroideTodoFalso_TestED0Ev
FNDA:4,_ZN7testing8internal15TestFactoryImplI37esPeriodicoTEST_toroideTodoFalso_TestED2Ev
FNDA:4,_ZN7testing8internal15TestFactoryImplI36esPeriodicoTEST_toroideDiagonal_TestEC2Ev
FNDA:4,_ZN7testing8internal15TestFactoryImplI36esPeriodicoTEST_toroideDiagonal_TestED1Ev
FNDA:4,_ZN7testing8internal15TestFactoryImplI36esPeriodicoTEST_toroideDiagonal_TestED0Ev
FNDA:4,_ZN7testing8internal15TestFactoryImplI36esPeriodicoTEST_toroideDiagonal_TestED2Ev
FNDA:2,_ZN7testing8internal15TestFactoryImplI48esPeriodicoTEST_toroideHorizontalPeriodico2_TestE10CreateTestEv
FNDA:2,_ZN7testing8internal15TestFactoryImplI37esPeriodicoTEST_toroideTodoFalso_TestE10CreateTestEv
FNDA:2,_ZN7testing8internal15TestFactoryImplI36esPeriodicoTEST_toroideDiagonal_TestE10CreateTestEv
FNDA:0,_ZN7testing8internal12CodeLocationD1Ev
FNDA:0,_ZN7testing8internal12CodeLocationD2Ev
FNDA:0,_ZN7testing8internal12CodeLocationC1ERKNSt3__112basic_stringIcNS2_11char_traitsIcEENS2_9allocatorIcEEEEi
FNDA:0,_ZN7testing8internal12CodeLocationC2ERKNSt3__112basic_stringIcNS2_11char_traitsIcEENS2_9allocatorIcEEEEi
FNF:26
FNH:18
DA:466,0
DA:473,0
DA:482,60
DA:484,12
DA:504,0
DA:506,0
LF:6
LH:2
end_of_record
SF:/Users/vpomsztein/Documents/PrivateRepositories/Algoritmos1/TPI/juegoDeLaVida/lib/googletest-master/googletest/include/gtest/internal/gtest-port.h
FN:1156,_ZN7testing8internal10scoped_ptrINSt3__112basic_stringIcNS2_11char_traitsIcEENS2_9allocatorIcEEEEEC1EPS8_
FN:1156,_ZN7testing8internal10scoped_ptrINSt3__112basic_stringIcNS2_11char_traitsIcEENS2_9allocatorIcEEEEEC2EPS8_
FN:1157,_ZN7testing8internal10scoped_ptrINSt3__112basic_stringIcNS2_11char_traitsIcEENS2_9allocatorIcEEEEED1Ev
FN:1157,_ZN7testing8internal10scoped_ptrINSt3__118basic_stringstreamIcNS2_11char_traitsIcEENS2_9allocatorIcEEEEED2Ev
FN:1157,_ZN7testing8internal10scoped_ptrINSt3__118basic_stringstreamIcNS2_11char_traitsIcEENS2_9allocatorIcEEEEED1Ev
FN:1157,_ZN7testing8internal10scoped_ptrINSt3__112basic_stringIcNS2_11char_traitsIcEENS2_9allocatorIcEEEEED2Ev
FN:1160,_ZNK7testing8internal10scoped_ptrINSt3__112basic_stringIcNS2_11char_traitsIcEENS2_9allocatorIcEEEEEptEv
FN:1161,_ZNK7testing8internal10scoped_ptrINSt3__112basic_stringIcNS2_11char_traitsIcEENS2_9allocatorIcEEEEE3getEv
FN:1169,_ZN7testing8internal10scoped_ptrINSt3__112basic_stringIcNS2_11char_traitsIcEENS2_9allocatorIcEEEEE5resetEPS8_
FN:1169,_ZN7testing8internal10scoped_ptrINSt3__118basic_stringstreamIcNS2_11char_traitsIcEENS2_9allocatorIcEEEEE5resetEPS8_
FNDA:0,_ZN7testing8internal10scoped_ptrINSt3__112basic_stringIcNS2_11char_traitsIcEENS2_9allocatorIcEEEEEC1EPS8_
FNDA:0,_ZN7testing8internal10scoped_ptrINSt3__112basic_stringIcNS2_11char_traitsIcEENS2_9allocatorIcEEEEEC2EPS8_
FNDA:0,_ZN7testing8internal10scoped_ptrINSt3__118basic_stringstreamIcNS2_11char_traitsIcEENS2_9allocatorIcEEEEED1Ev
FNDA:0,_ZN7testing8internal10scoped_ptrINSt3__118basic_stringstreamIcNS2_11char_traitsIcEENS2_9allocatorIcEEEEED2Ev
FNDA:0,_ZN7testing8internal10scoped_ptrINSt3__112basic_stringIcNS2_11char_traitsIcEENS2_9allocatorIcEEEEED1Ev
FNDA:0,_ZN7testing8internal10scoped_ptrINSt3__112basic_stringIcNS2_11char_traitsIcEENS2_9allocatorIcEEEEED2Ev
FNDA:0,_ZNK7testing8internal10scoped_ptrINSt3__112basic_stringIcNS2_11char_traitsIcEENS2_9allocatorIcEEEEEptEv
FNDA:0,_ZNK7testing8internal10scoped_ptrINSt3__112basic_stringIcNS2_11char_traitsIcEENS2_9allocatorIcEEEEE3getEv
FNDA:0,_ZN7testing8internal10scoped_ptrINSt3__118basic_stringstreamIcNS2_11char_traitsIcEENS2_9allocatorIcEEEEE5resetEPS8_
FNDA:0,_ZN7testing8internal10scoped_ptrINSt3__112basic_stringIcNS2_11char_traitsIcEENS2_9allocatorIcEEEEE5resetEPS8_
FNF:10
FNH:0
DA:1156,0
DA:1157,0
DA:1160,0
DA:1161,0
DA:1170,0
DA:1171,0
DA:1172,0
DA:1173,0
DA:1174,0
DA:1175,0
DA:1176,0
LF:11
LH:0
end_of_record
SF:/Users/vpomsztein/Documents/PrivateRepositories/Algoritmos1/TPI/juegoDeLaVida/tests/esPeriodicoTEST.cpp
FN:7,_ZN48esPeriodicoTEST_toroideHorizontalPeriodico2_Test8TestBodyEv
FN:7,_ZN48esPeriodicoTEST_toroideHorizontalPeriodico2_TestD1Ev
FN:7,_ZN48esPeriodicoTEST_toroideHorizontalPeriodico2_TestC2Ev
FN:7,_ZN48esPeriodicoTEST_toroideHorizontalPeriodico2_TestC1Ev
FN:7,_ZN48esPeriodicoTEST_toroideHorizontalPeriodico2_TestD2Ev
FN:7,_ZN48esPeriodicoTEST_toroideHorizontalPeriodico2_TestD0Ev
FN:7,__cxx_global_var_init
FN:20,__cxx_global_var_init.12
FN:20,_ZN37esPeriodicoTEST_toroideTodoFalso_TestD1Ev
FN:20,_ZN37esPeriodicoTEST_toroideTodoFalso_TestC1Ev
FN:20,_ZN37esPeriodicoTEST_toroideTodoFalso_TestC2Ev
FN:20,_ZN37esPeriodicoTEST_toroideTodoFalso_TestD0Ev
FN:20,_ZN37esPeriodicoTEST_toroideTodoFalso_TestD2Ev
FN:20,_ZN37esPeriodicoTEST_toroideTodoFalso_Test8TestBodyEv
FN:30,_ZN36esPeriodicoTEST_toroideDiagonal_TestC2Ev
FN:30,_ZN36esPeriodicoTEST_toroideDiagonal_Test8TestBodyEv
FN:30,_ZN36esPeriodicoTEST_toroideDiagonal_TestD1Ev
FN:30,_ZN36esPeriodicoTEST_toroideDiagonal_TestC1Ev
FN:30,__cxx_global_var_init.18
FN:30,_ZN36esPeriodicoTEST_toroideDiagonal_TestD0Ev
FN:30,_ZN36esPeriodicoTEST_toroideDiagonal_TestD2Ev
FNDA:4,__cxx_global_var_init
FNDA:2,_ZN48esPeriodicoTEST_toroideHorizontalPeriodico2_Test8TestBodyEv
FNDA:2,_ZN48esPeriodicoTEST_toroideHorizontalPeriodico2_TestD1Ev
FNDA:2,_ZN48esPeriodicoTEST_toroideHorizontalPeriodico2_TestD0Ev
FNDA:2,_ZN48esPeriodicoTEST_toroideHorizontalPeriodico2_TestC1Ev
FNDA:2,_ZN48esPeriodicoTEST_toroideHorizontalPeriodico2_TestC2Ev
FNDA:2,_ZN48esPeriodicoTEST_toroideHorizontalPeriodico2_TestD2Ev
FNDA:4,__cxx_global_var_init.12
FNDA:2,_ZN37esPeriodicoTEST_toroideTodoFalso_Test8TestBodyEv
FNDA:2,_ZN37esPeriodicoTEST_toroideTodoFalso_TestD1Ev
FNDA:2,_ZN37esPeriodicoTEST_toroideTodoFalso_TestD0Ev
FNDA:2,_ZN37esPeriodicoTEST_toroideTodoFalso_TestC1Ev
FNDA:2,_ZN37esPeriodicoTEST_toroideTodoFalso_TestC2Ev
FNDA:2,_ZN37esPeriodicoTEST_toroideTodoFalso_TestD2Ev
FNDA:4,__cxx_global_var_init.18
FNDA:2,_ZN36esPeriodicoTEST_toroideDiagonal_Test8TestBodyEv
FNDA:2,_ZN36esPeriodicoTEST_toroideDiagonal_TestD1Ev
FNDA:2,_ZN36esPeriodicoTEST_toroideDiagonal_TestD0Ev
FNDA:2,_ZN36esPeriodicoTEST_toroideDiagonal_TestC1Ev
FNDA:2,_ZN36esPeriodicoTEST_toroideDiagonal_TestC2Ev
FNDA:2,_ZN36esPeriodicoTEST_toroideDiagonal_TestD2Ev
FNF:21
FNH:21
DA:7,38
DA:8,24
DA:9,2
DA:10,2
DA:11,2
DA:12,2
DA:13,2
DA:15,6
DA:16,10
DA:17,10
DA:18,2
DA:20,38
DA:21,16
DA:22,2
DA:23,2
DA:25,6
DA:26,10
DA:27,10
DA:28,2
DA:30,38
DA:31,16
DA:32,2
DA:33,2
DA:35,6
DA:36,10
DA:37,2
LF:26
LH:26
end_of_record
TN:
SF:/Applications/Xcode.app/Contents/Developer/Toolchains/XcodeDefault.xctoolchain/usr/include/c++/v1/__bit_reference
FN:56,_ZNSt3__115__bit_referenceINS_6vectorIbNS_9allocatorIbEEEELb1EEaSEb
FN:74,_ZNSt3__115__bit_referenceINS_6vectorIbNS_9allocatorIbEEEELb1EEC1EPmm
FN:74,_ZNSt3__115__bit_referenceINS_6vectorIbNS_9allocatorIbEEEELb1EEC2EPmm
FN:404,_ZNSt3__114__copy_alignedINS_6vectorIbNS_9allocatorIbEEEELb1EEENS_14__bit_iteratorIT_Lb0EXLi0EEEENS5_IS6_XT0_EXLi0EEEES8_S7_
FN:453,_ZNSt3__116__copy_unalignedINS_6vectorIbNS_9allocatorIbEEEELb1EEENS_14__bit_iteratorIT_Lb0EXLi0EEEENS5_IS6_XT0_EXLi0EEEES8_S7_
FN:532,_ZNSt3__14copyINS_6vectorIbNS_9allocatorIbEEEELb1EEENS_14__bit_iteratorIT_Lb0EXLi0EEEENS5_IS6_XT0_EXLi0EEEES8_S7_
FN:1112,_ZNSt3__114__bit_iteratorINS_6vectorIbNS_9allocatorIbEEEELb0ELm0EEC1ERKS5_
FN:1112,_ZNSt3__114__bit_iteratorINS_6vectorIbNS_9allocatorIbEEEELb0ELm0EEC2ERKS5_
FN:1115,_ZNKSt3__114__bit_iteratorINS_6vectorIbNS_9allocatorIbEEEELb0ELm0EEdeEv
FN:1118,_ZNSt3__114__bit_iteratorINS_6vectorIbNS_9allocatorIbEEEELb0ELm0EEppEv
FN:1191,_ZNSt3__1miERKNS_14__bit_iteratorINS_6vectorIbNS_9allocatorIbEEEELb1ELm0EEES7_
FN:1216,_ZNSt3__114__bit_iteratorINS_6vectorIbNS_9allocatorIbEEEELb1ELm0EEC2EPKmj
FN:1216,_ZNSt3__114__bit_iteratorINS_6vectorIbNS_9allocatorIbEEEELb1ELm0EEC1EPKmj
FN:1216,_ZNSt3__114__bit_iteratorINS_6vectorIbNS_9allocatorIbEEEELb0ELm0EEC1EPmj
FN:1216,_ZNSt3__114__bit_iteratorINS_6vectorIbNS_9allocatorIbEEEELb0ELm0EEC2EPmj
FNDA:0,_ZNSt3__115__bit_referenceINS_6vectorIbNS_9allocatorIbEEEELb1EEaSEb
FNDA:0,_ZNSt3__115__bit_referenceINS_6vectorIbNS_9allocatorIbEEEELb1EEC1EPmm
FNDA:0,_ZNSt3__115__bit_referenceINS_6vectorIbNS_9allocatorIbEEEELb1EEC2EPmm
FNDA:0,_ZNSt3__114__copy_alignedINS_6vectorIbNS_9allocatorIbEEEELb1EEENS_14__bit_iteratorIT_Lb0EXLi0EEEENS5_IS6_XT0_EXLi0EEEES8_S7_
FNDA:0,_ZNSt3__116__copy_unalignedINS_6vectorIbNS_9allocatorIbEEEELb1EEENS_14__bit_iteratorIT_Lb0EXLi0EEEENS5_IS6_XT0_EXLi0EEEES8_S7_
FNDA:0,_ZNSt3__14copyINS_6vectorIbNS_9allocatorIbEEEELb1EEENS_14__bit_iteratorIT_Lb0EXLi0EEEENS5_IS6_XT0_EXLi0EEEES8_S7_
FNDA:0,_ZNSt3__114__bit_iteratorINS_6vectorIbNS_9allocatorIbEEEELb0ELm0EEC1ERKS5_
FNDA:0,_ZNSt3__114__bit_iteratorINS_6vectorIbNS_9allocatorIbEEEELb0ELm0EEC2ERKS5_
FNDA:0,_ZNKSt3__114__bit_iteratorINS_6vectorIbNS_9allocatorIbEEEELb0ELm0EEdeEv
FNDA:0,_ZNSt3__114__bit_iteratorINS_6vectorIbNS_9allocatorIbEEEELb0ELm0EEppEv
FNDA:0,_ZNSt3__1miERKNS_14__bit_iteratorINS_6vectorIbNS_9allocatorIbEEEELb1ELm0EEES7_
FNDA:0,_ZNSt3__114__bit_iteratorINS_6vectorIbNS_9allocatorIbEEEELb0ELm0EEC1EPmj
FNDA:0,_ZNSt3__114__bit_iteratorINS_6vectorIbNS_9allocatorIbEEEELb0ELm0EEC2EPmj
FNDA:0,_ZNSt3__114__bit_iteratorINS_6vectorIbNS_9allocatorIbEEEELb1ELm0EEC1EPKmj
FNDA:0,_ZNSt3__114__bit_iteratorINS_6vectorIbNS_9allocatorIbEEEELb1ELm0EEC2EPKmj
FNF:15
FNH:0
DA:58,0
DA:59,0
DA:61,0
DA:62,0
DA:75,0
DA:410,0
DA:411,0
DA:412,0
DA:415,0
DA:417,0
DA:418,0
DA:419,0
DA:420,0
DA:421,0
DA:422,0
DA:423,0
DA:424,0
DA:425,0
DA:426,0
DA:428,0
DA:431,0
DA:432,0
DA:433,0
DA:434,0
DA:435,0
DA:436,0
DA:438,0
DA:440,0
DA:441,0
DA:442,0
DA:443,0
DA:444,0
DA:445,0
DA:446,0
DA:447,0
DA:448,0
DA:460,0
DA:461,0
DA:464,0
DA:466,0
DA:467,0
DA:468,0
DA:469,0
DA:470,0
DA:471,0
DA:472,0
DA:473,0
DA:474,0
DA:475,0
DA:476,0
DA:478,0
DA:479,0
DA:480,0
DA:481,0
DA:482,0
DA:484,0
DA:485,0
DA:486,0
DA:487,0
DA:488,0
DA:489,0
DA:491,0
DA:494,0
DA:495,0
DA:496,0
DA:498,0
DA:499,0
DA:500,0
DA:501,0
DA:502,0
DA:503,0
DA:504,0
DA:506,0
DA:508,0
DA:509,0
DA:510,0
DA:511,0
DA:512,0
DA:513,0
DA:514,0
DA:515,0
DA:516,0
DA:517,0
DA:519,0
DA:520,0
DA:521,0
DA:522,0
DA:523,0
DA:524,0
DA:525,0
DA:526,0
DA:534,0
DA:535,0
DA:536,0
DA:537,0
DA:1113,0
DA:1116,0
DA:1120,0
DA:1121,0
DA:1124,0
DA:1125,0
DA:1127,0
DA:1192,0
DA:1217,0
LF:104
LH:0
end_of_record
SF:/Applications/Xcode.app/Contents/Developer/Toolchains/XcodeDefault.xctoolchain/usr/include/c++/v1/__locale
FN:210,_ZNSt3__19use_facetINS_5ctypeIcEEEERKT_RKNS_6localeE
FN:625,_ZNKSt3__15ctypeIcE5widenEc
FNDA:0,_ZNSt3__19use_facetINS_5ctypeIcEEEERKT_RKNS_6localeE
FNDA:0,_ZNKSt3__15ctypeIcE5widenEc
FNF:2
FNH:0
DA:212,0
DA:627,0
LF:2
LH:0
end_of_record
SF:/Applications/Xcode.app/Contents/Developer/Toolchains/XcodeDefault.xctoolchain/usr/include/c++/v1/__string
FN:208,_ZNSt3__111char_traitsIcE6assignERcRKc
FN:209,_ZNSt3__111char_traitsIcE2eqEcc
FN:217,_ZNSt3__111char_traitsIcE6lengthEPKc
FN:230,_ZNSt3__111char_traitsIcE7not_eofEi
FN:232,_ZNSt3__111char_traitsIcE12to_char_typeEi
FN:234,_ZNSt3__111char_traitsIcE11to_int_typeEc
FN:236,_ZNSt3__111char_traitsIcE11eq_int_typeEii
FN:238,_ZNSt3__111char_traitsIcE3eofEv
FNDA:4553,_ZNSt3__111char_traitsIcE6assignERcRKc
FNDA:0,_ZNSt3__111char_traitsIcE2eqEcc
FNDA:0,_ZNSt3__111char_traitsIcE6lengthEPKc
FNDA:0,_ZNSt3__111char_traitsIcE7not_eofEi
FNDA:0,_ZNSt3__111char_traitsIcE12to_char_typeEi
FNDA:53,_ZNSt3__111char_traitsIcE11to_int_typeEc
FNDA:0,_ZNSt3__111char_traitsIcE11eq_int_typeEii
FNDA:0,_ZNSt3__111char_traitsIcE3eofEv
FNF:8
FNH:2
DA:208,4553
DA:210,0
DA:217,0
DA:231,0
DA:233,0
DA:235,53
DA:237,0
DA:239,0
LF:8
LH:2
end_of_record
SF:/Applications/Xcode.app/Contents/Developer/Toolchains/XcodeDefault.xctoolchain/usr/include/c++/v1/algorithm
FN:682,_ZNKSt3__110__equal_toINS_5tupleIJiiEEES2_EclERKS2_S5_
FN:719,_ZNKSt3__16__lessIllEclERKlS3_
FN:719,_ZNKSt3__16__lessImmEclERKmS3_
FN:719,_ZNKSt3__16__lessIPcS1_EclERKS1_S4_
FN:719,_ZNKSt3__16__lessINS_5tupleIJiiEEES2_EclERKS2_S5_
FN:1322,_ZNSt3__15equalINS_11__wrap_iterIPKNS_5tupleIJiiEEEEES6_NS_10__equal_toIS3_S3_EEEEbT_S9_T0_T1_
FN:1333,_ZNSt3__15equalINS_11__wrap_iterIPKNS_5tupleIJiiEEEEES6_EEbT_S7_T0_
FN:1759,_ZNSt3__113__unwrap_iterINS_14__bit_iteratorINS_6vectorIbNS_9allocatorIbEEEELb0ELm0EEEEET_S7_
FN:1759,_ZNSt3__113__unwrap_iterIPKbEET_S3_
FN:1809,_ZNSt3__16__copyIPKbNS_14__bit_iteratorINS_6vectorIbNS_9allocatorIbEEEELb0ELm0EEEEET0_T_SA_S9_
FN:1835,_ZNSt3__14copyIPKbNS_14__bit_iteratorINS_6vectorIbNS_9allocatorIbEEEELb0ELm0EEEEET0_T_SA_S9_
FN:2644,_ZNSt3__13minIlNS_6__lessIllEEEERKT_S5_S5_T0_
FN:2644,_ZNSt3__13minImNS_6__lessImmEEEERKT_S5_S5_T0_
FN:2652,_ZNSt3__13minImEERKT_S3_S3_
FN:2652,_ZNSt3__13minIlEERKT_S3_S3_
FN:2709,_ZNSt3__13maxIPcNS_6__lessIS1_S1_EEEERKT_S6_S6_T0_
FN:2717,_ZNSt3__13maxIPcEERKT_S4_S4_
FN:3762,_ZNSt3__17__sort3IRNS_6__lessINS_5tupleIJiiEEES3_EEPS3_EEjT0_S7_S7_T_
FN:3799,_ZNSt3__17__sort4IRNS_6__lessINS_5tupleIJiiEEES3_EEPS3_EEjT0_S7_S7_S7_T_
FN:3825,_ZNSt3__17__sort5IRNS_6__lessINS_5tupleIJiiEEES3_EEPS3_EEjT0_S7_S7_S7_S7_T_
FN:3889,_ZNSt3__118__insertion_sort_3IRNS_6__lessINS_5tupleIJiiEEES3_EEPS3_EEvT0_S7_T_
FN:3914,_ZNSt3__127__insertion_sort_incompleteIRNS_6__lessINS_5tupleIJiiEEES3_EEPS3_EEbT0_S7_T_
FN:3998,_ZNSt3__16__sortIRNS_6__lessINS_5tupleIJiiEEES3_EEPS3_EEvT0_S7_T_
FN:4193,_ZNSt3__14sortIPNS_5tupleIJiiEEENS_6__lessIS2_S2_EEEEvT_S6_T0_
FN:4208,_ZNSt3__14sortIPNS_5tupleIJiiEEEEEvT_S4_
FN:4224,_ZNSt3__14sortINS_5tupleIJiiEEEEEvNS_11__wrap_iterIPT_EES6_
FNDA:40,_ZNKSt3__110__equal_toINS_5tupleIJiiEEES2_EclERKS2_S5_
FNDA:120,_ZNKSt3__16__lessINS_5tupleIJiiEEES2_EclERKS2_S5_
FNDA:0,_ZNKSt3__16__lessImmEclERKmS3_
FNDA:53,_ZNKSt3__16__lessIPcS1_EclERKS1_S4_
FNDA:0,_ZNKSt3__16__lessIllEclERKlS3_
FNDA:10,_ZNSt3__15equalINS_11__wrap_iterIPKNS_5tupleIJiiEEEEES6_NS_10__equal_toIS3_S3_EEEEbT_S9_T0_T1_
FNDA:10,_ZNSt3__15equalINS_11__wrap_iterIPKNS_5tupleIJiiEEEEES6_EEbT_S7_T0_
FNDA:0,_ZNSt3__113__unwrap_iterIPKbEET_S3_
FNDA:0,_ZNSt3__113__unwrap_iterINS_14__bit_iteratorINS_6vectorIbNS_9allocatorIbEEEELb0ELm0EEEEET_S7_
FNDA:0,_ZNSt3__16__copyIPKbNS_14__bit_iteratorINS_6vectorIbNS_9allocatorIbEEEELb0ELm0EEEEET0_T_SA_S9_
FNDA:0,_ZNSt3__14copyIPKbNS_14__bit_iteratorINS_6vectorIbNS_9allocatorIbEEEELb0ELm0EEEEET0_T_SA_S9_
FNDA:0,_ZNSt3__13minImNS_6__lessImmEEEERKT_S5_S5_T0_
FNDA:0,_ZNSt3__13minIlNS_6__lessIllEEEERKT_S5_S5_T0_
FNDA:0,_ZNSt3__13minImEERKT_S3_S3_
FNDA:0,_ZNSt3__13minIlEERKT_S3_S3_
FNDA:53,_ZNSt3__13maxIPcNS_6__lessIS1_S1_EEEERKT_S6_S6_T0_
FNDA:53,_ZNSt3__13maxIPcEERKT_S4_S4_
FNDA:16,_ZNSt3__17__sort3IRNS_6__lessINS_5tupleIJiiEEES3_EEPS3_EEjT0_S7_S7_T_
FNDA:4,_ZNSt3__17__sort4IRNS_6__lessINS_5tupleIJiiEEES3_EEPS3_EEjT0_S7_S7_S7_T_
FNDA:4,_ZNSt3__17__sort5IRNS_6__lessINS_5tupleIJiiEEES3_EEPS3_EEjT0_S7_S7_S7_S7_T_
FNDA:4,_ZNSt3__118__insertion_sort_3IRNS_6__lessINS_5tupleIJiiEEES3_EEPS3_EEvT0_S7_T_
FNDA:8,_ZNSt3__127__insertion_sort_incompleteIRNS_6__lessINS_5tupleIJiiEEES3_EEPS3_EEbT0_S7_T_
FNDA:12,_ZNSt3__16__sortIRNS_6__lessINS_5tupleIJiiEEES3_EEPS3_EEvT0_S7_T_
FNDA:12,_ZNSt3__14sortIPNS_5tupleIJiiEEENS_6__lessIS2_S2_EEEEvT_S6_T0_
FNDA:12,_ZNSt3__14sortIPNS_5tupleIJiiEEEEEvT_S4_
FNDA:12,_ZNSt3__14sortINS_5tupleIJiiEEEEEvNS_11__wrap_iterIPT_EES6_
FNF:26
FNH:16
DA:682,40
DA:719,173
DA:1324,100
DA:1325,80
DA:1326,0
DA:1327,10
DA:1328,10
DA:1337,10
DA:1761,0
DA:1811,0
DA:1812,0
DA:1813,0
DA:1837,0
DA:2646,0
DA:2654,0
DA:2711,159
DA:2719,53
DA:3764,16
DA:3765,16
DA:3767,16
DA:3768,16
DA:3770,0
DA:3771,0
DA:3772,0
DA:3774,0
DA:3775,0
DA:3776,0
DA:3777,0
DA:3779,0
DA:3781,0
DA:3782,0
DA:3783,0
DA:3785,0
DA:3786,0
DA:3787,0
DA:3789,0
DA:3790,0
DA:3791,0
DA:3792,0
DA:3793,16
DA:3802,4
DA:3803,4
DA:3805,0
DA:3806,0
DA:3807,0
DA:3809,0
DA:3810,0
DA:3811,0
DA:3813,0
DA:3814,0
DA:3815,0
DA:3816,0
DA:3817,0
DA:3818,4
DA:3828,4
DA:3829,4
DA:3831,0
DA:3832,0
DA:3833,0
DA:3835,0
DA:3836,0
DA:3837,0
DA:3839,0
DA:3840,0
DA:3841,0
DA:3843,0
DA:3844,0
DA:3845,0
DA:3846,0
DA:3847,0
DA:3848,0
DA:3849,4
DA:3892,4
DA:3893,4
DA:3894,32
DA:3896,12
DA:3898,0
DA:3899,0
DA:3900,0
DA:3901,0
DA:3903,0
DA:3904,0
DA:3905,0
DA:3906,0
DA:3907,0
DA:3908,12
DA:3909,12
DA:3910,4
DA:3916,8
DA:3920,0
DA:3922,0
DA:3923,0
DA:3924,0
DA:3926,0
DA:3927,0
DA:3929,0
DA:3930,0
DA:3932,4
DA:3933,4
DA:3936,4
DA:3937,4
DA:3938,4
DA:3939,4
DA:3940,32
DA:3942,12
DA:3944,0
DA:3945,0
DA:3946,0
DA:3947,0
DA:3949,0
DA:3950,0
DA:3951,0
DA:3952,0
DA:3953,0
DA:3954,0
DA:3955,0
DA:3956,12
DA:3957,12
DA:3958,4
DA:3959,8
DA:4003,12
DA:4005,12
DA:4006,12
DA:4008,12
DA:4009,12
DA:4013,0
DA:4015,4
DA:4016,0
DA:4017,4
DA:4019,0
DA:4020,0
DA:4022,0
DA:4023,0
DA:4025,0
DA:4026,0
DA:4028,8
DA:4030,4
DA:4031,4
DA:4034,4
DA:4035,4
DA:4036,4
DA:4040,4
DA:4042,0
DA:4043,0
DA:4044,0
DA:4045,0
DA:4046,0
DA:4049,4
DA:4050,4
DA:4051,4
DA:4057,4
DA:4058,4
DA:4062,4
DA:4066,0
DA:4068,0
DA:4072,0
DA:4073,0
DA:4074,0
DA:4076,0
DA:4078,0
DA:4079,0
DA:4080,0
DA:4082,0
DA:4083,0
DA:4084,0
DA:4085,0
DA:4087,0
DA:4089,0
DA:4091,0
DA:4092,0
DA:4093,0
DA:4095,0
DA:4096,0
DA:4097,0
DA:4099,0
DA:4100,0
DA:4101,0
DA:4102,0
DA:4103,0
DA:4108,0
DA:4109,0
DA:4111,0
DA:4113,0
DA:4114,0
DA:4115,0
DA:4118,0
DA:4120,4
DA:4123,4
DA:4127,4
DA:4130,48
DA:4131,20
DA:4133,48
DA:4135,4
DA:4136,4
DA:4137,0
DA:4138,0
DA:4141,0
DA:4142,0
DA:4143,0
DA:4145,4
DA:4147,4
DA:4149,0
DA:4150,0
DA:4151,0
DA:4154,4
DA:4156,4
DA:4157,4
DA:4159,4
DA:4160,4
DA:4161,0
DA:4162,0
DA:4166,0
DA:4168,0
DA:4169,0
DA:4172,0
DA:4174,0
DA:4176,0
DA:4178,0
DA:4179,0
DA:4182,0
DA:4184,0
DA:4187,12
DA:4201,12
DA:4203,12
DA:4210,12
DA:4211,12
DA:4226,12
DA:4227,12
LF:228
LH:82
end_of_record
SF:/Applications/Xcode.app/Contents/Developer/Toolchains/XcodeDefault.xctoolchain/usr/include/c++/v1/initializer_list
FN:85,_ZNKSt16initializer_listINSt3__15tupleIJiiEEEE4sizeEv
FN:85,_ZNKSt16initializer_listINSt3__16vectorIbNS0_9allocatorIbEEEEE4sizeEv
FN:85,_ZNKSt16initializer_listIbE4sizeEv
FN:89,_ZNKSt16initializer_listINSt3__16vectorIbNS0_9allocatorIbEEEEE5beginEv
FN:89,_ZNKSt16initializer_listINSt3__15tupleIJiiEEEE5beginEv
FN:89,_ZNKSt16initializer_listIbE5beginEv
FN:93,_ZNKSt16initializer_listINSt3__15tupleIJiiEEEE3endEv
FN:93,_ZNKSt16initializer_listIbE3endEv
FN:93,_ZNKSt16initializer_listINSt3__16vectorIbNS0_9allocatorIbEEEEE3endEv
FNDA:30,_ZNKSt16initializer_listINSt3__16vectorIbNS0_9allocatorIbEEEEE4sizeEv
FNDA:0,_ZNKSt16initializer_listIbE4sizeEv
FNDA:18,_ZNKSt16initializer_listINSt3__15tupleIJiiEEEE4sizeEv
FNDA:10,_ZNKSt16initializer_listINSt3__16vectorIbNS0_9allocatorIbEEEEE5beginEv
FNDA:0,_ZNKSt16initializer_listIbE5beginEv
FNDA:6,_ZNKSt16initializer_listINSt3__15tupleIJiiEEEE5beginEv
FNDA:10,_ZNKSt16initializer_listINSt3__16vectorIbNS0_9allocatorIbEEEEE3endEv
FNDA:0,_ZNKSt16initializer_listIbE3endEv
FNDA:6,_ZNKSt16initializer_listINSt3__15tupleIJiiEEEE3endEv
FNF:9
FNH:6
DA:85,48
DA:89,16
DA:93,16
LF:3
LH:3
end_of_record
SF:/Applications/Xcode.app/Contents/Developer/Toolchains/XcodeDefault.xctoolchain/usr/include/c++/v1/ios
FN:336,_ZNSt3__18ios_baseC2Ev
FN:340,_ZNKSt3__18ios_base5rdbufEv
FN:440,_ZNKSt3__18ios_base5flagsEv
FN:502,_ZNKSt3__18ios_base5widthEv
FN:509,_ZNSt3__18ios_base5widthEl
FN:527,_ZNSt3__18ios_base8setstateEj
FN:611,_ZNSt3__19basic_iosIcNS_11char_traitsIcEEE8setstateEj
FN:653,_ZNSt3__19basic_iosIcNS_11char_traitsIcEEEC2Ev
FN:688,_ZNSt3__19basic_iosIcNS_11char_traitsIcEEE4initEPNS_15basic_streambufIcS2_EE
FN:716,_ZNKSt3__19basic_iosIcNS_11char_traitsIcEEE5rdbufEv
FN:754,_ZNKSt3__19basic_iosIcNS_11char_traitsIcEEE5widenEc
FN:762,_ZNKSt3__19basic_iosIcNS_11char_traitsIcEEE4fillEv
FNDA:0,_ZNSt3__18ios_baseC2Ev
FNDA:0,_ZNKSt3__18ios_base5rdbufEv
FNDA:0,_ZNKSt3__18ios_base5flagsEv
FNDA:0,_ZNKSt3__18ios_base5widthEv
FNDA:0,_ZNSt3__18ios_base5widthEl
FNDA:0,_ZNSt3__18ios_base8setstateEj
FNDA:0,_ZNSt3__19basic_iosIcNS_11char_traitsIcEEE8setstateEj
FNDA:0,_ZNSt3__19basic_iosIcNS_11char_traitsIcEEEC2Ev
FNDA:0,_ZNSt3__19basic_iosIcNS_11char_traitsIcEEE4initEPNS_15basic_streambufIcS2_EE
FNDA:0,_ZNKSt3__19basic_iosIcNS_11char_traitsIcEEE5rdbufEv
FNDA:0,_ZNKSt3__19basic_iosIcNS_11char_traitsIcEEE5widenEc
FNDA:0,_ZNKSt3__19basic_iosIcNS_11char_traitsIcEEE4fillEv
FNF:12
FNH:0
DA:336,0
DA:337,0
DA:340,0
DA:442,0
DA:504,0
DA:511,0
DA:512,0
DA:513,0
DA:529,0
DA:530,0
DA:611,0
DA:653,0
DA:654,0
DA:690,0
DA:691,0
DA:692,0
DA:693,0
DA:718,0
DA:756,0
DA:757,0
DA:764,0
DA:765,0
DA:766,0
LF:23
LH:0
end_of_record
SF:/Applications/Xcode.app/Contents/Developer/Toolchains/XcodeDefault.xctoolchain/usr/include/c++/v1/iosfwd
FN:117,_ZNSt3__115basic_stringbufIcNS_11char_traitsIcEENS_9allocatorIcEEED2Ev
FN:117,_ZNSt3__115basic_stringbufIcNS_11char_traitsIcEENS_9allocatorIcEEED1Ev
FN:117,_ZNSt3__115basic_stringbufIcNS_11char_traitsIcEENS_9allocatorIcEEED0Ev
FN:126,_ZNSt3__118basic_stringstreamIcNS_11char_traitsIcEENS_9allocatorIcEEED0Ev
FN:126,_ZNSt3__118basic_stringstreamIcNS_11char_traitsIcEENS_9allocatorIcEEED1Ev
FN:126,_ZNSt3__118basic_stringstreamIcNS_11char_traitsIcEENS_9allocatorIcEEED2Ev
FNDA:400,_ZNSt3__115basic_stringbufIcNS_11char_traitsIcEENS_9allocatorIcEEED1Ev
FNDA:0,_ZNSt3__115basic_stringbufIcNS_11char_traitsIcEENS_9allocatorIcEEED0Ev
FNDA:400,_ZNSt3__115basic_stringbufIcNS_11char_traitsIcEENS_9allocatorIcEEED2Ev
FNDA:400,_ZNSt3__118basic_stringstreamIcNS_11char_traitsIcEENS_9allocatorIcEEED1Ev
[...]
FNDA:24,_ZNSt3__16vectorINS0_INS0_IbNS_9allocatorIbEEEENS1_IS3_EEEENS1_IS5_EEE26__invalidate_all_iteratorsEv
FNDA:0,_ZNSt3__16vectorIbNS_9allocatorIbEEE5__capEv
FNDA:0,_ZNSt3__16vectorIbNS_9allocatorIbEEE7__allocEv
FNDA:0,_ZNKSt3__16vectorIbNS_9allocatorIbEEE7__allocEv
FNDA:0,_ZNSt3__16vectorIbNS_9allocatorIbEEE26__internal_cap_to_externalEm
FNDA:0,_ZNSt3__16vectorIbNS_9allocatorIbEEE26__external_cap_to_internalEm
FNDA:0,_ZNKSt3__16vectorIbNS_9allocatorIbEEE4sizeEv
FNDA:0,_ZNKSt3__16vectorIbNS_9allocatorIbEEE5beginEv
FNDA:0,_ZNKSt3__16vectorIbNS_9allocatorIbEEE3endEv
FNDA:0,_ZNSt3__16vectorIbNS_9allocatorIbEEE11__make_iterEm
FNDA:0,_ZNKSt3__16vectorIbNS_9allocatorIbEEE11__make_iterEm
FNDA:0,_ZNSt3__16vectorIbNS_9allocatorIbEEE26__invalidate_all_iteratorsEv
FNDA:0,_ZNSt3__16vectorIbNS_9allocatorIbEEE8allocateEm
FNDA:0,_ZNKSt3__16vectorIbNS_9allocatorIbEEE8max_sizeEv
FNDA:0,_ZNSt3__16vectorIbNS_9allocatorIbEEE18__construct_at_endIPKbEENS_9enable_ifIXsr21__is_forward_iteratorIT_EE5valueEvE4typeES8_S8_
FNDA:0,_ZNSt3__16vectorIbNS_9allocatorIbEEE18__construct_at_endINS_14__bit_iteratorIS3_Lb1ELm0EEEEENS_9enable_ifIXsr21__is_forward_iteratorIT_EE5valueEvE4typeES8_S8_
FNDA:0,_ZNSt3__16vectorIbNS_9allocatorIbEEEC1ESt16initializer_listIbE
FNDA:0,_ZNSt3__16vectorIbNS_9allocatorIbEEEC2ESt16initializer_listIbE
FNDA:0,_ZNSt3__16vectorIbNS_9allocatorIbEEED1Ev
FNDA:0,_ZNSt3__16vectorIbNS_9allocatorIbEEED2Ev
FNDA:0,_ZNSt3__16vectorIbNS_9allocatorIbEEEC1ERKS3_
FNDA:0,_ZNSt3__16vectorIbNS_9allocatorIbEEEC2ERKS3_
FNF:85
FNH:42
DA:294,56
DA:338,152
DA:341,40
DA:344,128
DA:347,152
DA:350,24
DA:352,32
DA:356,16
DA:359,152
DA:411,16
DA:412,128
DA:413,48
DA:414,16
DA:415,16
DA:421,24
DA:422,24
DA:423,24
DA:424,24
DA:425,24
DA:430,32
DA:431,32
DA:432,32
DA:433,32
DA:434,32
DA:439,16
DA:441,16
DA:442,16
DA:443,16
DA:444,16
DA:447,32
DA:473,8
DA:474,16
DA:478,16
DA:541,16
DA:633,104
DA:636,136
DA:675,224
DA:828,56
DA:832,64
DA:833,32
DA:834,32
DA:838,48
DA:839,24
DA:840,24
DA:875,16
DA:876,8
DA:886,24
DA:887,24
DA:888,24
DA:889,24
DA:890,24
DA:891,24
DA:892,24
DA:893,24
DA:894,24
DA:924,8
DA:925,0
DA:926,8
DA:927,8
DA:928,8
DA:929,8
DA:947,96
DA:948,32
DA:957,24
DA:958,24
DA:959,0
DA:960,24
DA:961,24
DA:962,0
DA:963,24
DA:964,24
DA:1017,8
DA:1018,8
DA:1019,8
DA:1020,8
DA:1021,8
DA:1193,8
DA:1194,16
DA:1198,8
DA:1199,8
DA:1201,8
DA:1202,8
DA:1203,8
DA:1204,16
DA:1231,24
DA:1232,48
DA:1237,24
DA:1238,24
DA:1239,24
DA:1240,24
DA:1241,48
DA:1271,32
DA:1275,16
DA:1277,16
DA:1278,16
DA:1279,16
DA:1280,32
DA:1566,24
DA:1567,24
DA:1569,24
DA:1570,24
DA:1571,24
DA:1572,24
DA:1579,24
DA:1581,0
DA:1582,0
DA:1583,0
DA:1584,0
DA:1585,0
DA:1586,0
DA:1588,24
DA:1589,24
DA:2100,24
DA:2170,0
DA:2176,0
DA:2179,0
DA:2185,0
DA:2188,0
DA:2222,0
DA:2227,0
DA:2281,0
DA:2293,0
DA:2299,0
DA:2431,0
DA:2434,0
DA:2492,0
DA:2505,0
DA:2506,0
DA:2507,0
DA:2508,0
DA:2509,0
DA:2510,0
DA:2511,0
DA:2530,0
DA:2531,0
DA:2532,0
DA:2533,0
DA:2534,0
DA:2535,0
DA:2575,0
DA:2576,0
DA:2577,0
DA:2578,0
DA:2748,0
DA:2749,0
DA:2750,0
DA:2751,0
DA:2752,0
DA:2753,0
DA:2755,0
DA:2756,0
DA:2757,0
DA:2758,0
DA:2778,0
DA:2779,0
DA:2780,0
DA:2781,0
DA:2782,0
DA:2786,0
DA:2787,0
DA:2788,0
DA:2789,0
DA:2790,0
DA:2792,0
DA:2793,0
DA:2794,0
DA:2795,0
LF:167
LH:104
end_of_record
SF:/Users/vpomsztein/Documents/PrivateRepositories/Algoritmos1/TPI/juegoDeLaVida/lib/googletest-master/googletest/include/gtest/gtest-message.h
FN:85,_ZN7testing7MessageD2Ev
FN:85,_ZN7testing7MessageD1Ev
FNDA:0,_ZN7testing7MessageD1Ev
FNDA:0,_ZN7testing7MessageD2Ev
FNF:2
FNH:0
DA:85,0
LF:1
LH:0
end_of_record
SF:/Users/vpomsztein/Documents/PrivateRepositories/Algoritmos1/TPI/juegoDeLaVida/lib/googletest-master/googletest/include/gtest/gtest-printers.h
FN:222,_ZN16testing_internal26DefaultPrintNonContainerToIiEEvRKT_PNSt3__113basic_ostreamIcNS4_11char_traitsIcEEEE
FN:275,_ZN7testing8internal19FormatForComparisonIiiE6FormatERKi
FN:349,_ZN7testing8internal33FormatForComparisonFailureMessageIiiEENSt3__112basic_stringIcNS2_11char_traitsIcEENS2_9allocatorIcEEEERKT_RKT0_
FN:442,_ZN7testing8internal14DefaultPrintToIiEEvNS0_15WrapPrinterTypeILNS0_18DefaultPrinterTypeE3EEERKT_PNSt3__113basic_ostreamIcNS8_11char_traitsIcEEEE
FN:459,_ZN7testing8internal7PrintToIiEEvRKT_PNSt3__113basic_ostreamIcNS5_11char_traitsIcEEEE
FN:714,_ZN7testing8internal16UniversalPrinterIiE5PrintERKiPNSt3__113basic_ostreamIcNS5_11char_traitsIcEEEE
FN:799,_ZN7testing8internal21UniversalTersePrinterIiE5PrintERKiPNSt3__113basic_ostreamIcNS5_11char_traitsIcEEEE
FN:868,_ZN7testing8internal14UniversalPrintIiEEvRKT_PNSt3__113basic_ostreamIcNS5_11char_traitsIcEEEE
FN:996,_ZN7testing13PrintToStringIiEENSt3__112basic_stringIcNS1_11char_traitsIcEENS1_9allocatorIcEEEERKT_
FNDA:0,_ZN16testing_internal26DefaultPrintNonContainerToIiEEvRKT_PNSt3__113basic_ostreamIcNS4_11char_traitsIcEEEE
FNDA:0,_ZN7testing8internal19FormatForComparisonIiiE6FormatERKi
FNDA:0,_ZN7testing8internal33FormatForComparisonFailureMessageIiiEENSt3__112basic_stringIcNS2_11char_traitsIcEENS2_9allocatorIcEEEERKT_RKT0_
FNDA:0,_ZN7testing8internal14DefaultPrintToIiEEvNS0_15WrapPrinterTypeILNS0_18DefaultPrinterTypeE3EEERKT_PNSt3__113basic_ostreamIcNS8_11char_traitsIcEEEE
FNDA:0,_ZN7testing8internal7PrintToIiEEvRKT_PNSt3__113basic_ostreamIcNS5_11char_traitsIcEEEE
FNDA:0,_ZN7testing8internal16UniversalPrinterIiE5PrintERKiPNSt3__113basic_ostreamIcNS5_11char_traitsIcEEEE
FNDA:0,_ZN7testing8internal21UniversalTersePrinterIiE5PrintERKiPNSt3__113basic_ostreamIcNS5_11char_traitsIcEEEE
FNDA:0,_ZN7testing8internal14UniversalPrintIiEEvRKT_PNSt3__113basic_ostreamIcNS5_11char_traitsIcEEEE
FNDA:0,_ZN7testing13PrintToStringIiEENSt3__112basic_stringIcNS1_11char_traitsIcEENS1_9allocatorIcEEEERKT_
FNF:9
FNH:0
DA:249,0
DA:250,0
DA:276,0
DA:351,0
DA:444,0
DA:445,0
DA:481,0
DA:493,0
DA:494,0
DA:723,0
DA:724,0
DA:800,0
DA:801,0
DA:872,0
DA:873,0
DA:997,0
DA:998,0
DA:999,0
DA:1000,0
LF:19
LH:0
end_of_record
SF:/Users/vpomsztein/Documents/PrivateRepositories/Algoritmos1/TPI/juegoDeLaVida/lib/googletest-master/googletest/include/gtest/gtest.h
FN:256,_ZN7testing15AssertionResultD1Ev
FN:256,_ZN7testing15AssertionResultD2Ev
FN:288,_ZNK7testing15AssertionResultcvbEv
FN:297,_ZNK7testing15AssertionResult7messageEv
FN:302,_ZNK7testing15AssertionResult15failure_messageEv
FN:389,_ZN7testing4Test13SetUpTestCaseEv
FN:397,_ZN7testing4Test16TearDownTestCaseEv
FN:474,_ZN7testing4Test5SetupEv
FN:1375,_ZN7testing8internal18CmpHelperEQFailureIiiEENS_15AssertionResultEPKcS4_RKT_RKT0_
FN:1387,_ZN7testing8internal11CmpHelperEQIiiEENS_15AssertionResultEPKcS4_RKT_RKT0_
FN:1417,_ZN7testing8internal8EqHelperILb0EE7CompareIiiEENS_15AssertionResultEPKcS6_RKT_RKT0_
FNDA:0,_ZN7testing15AssertionResultD1Ev
FNDA:0,_ZN7testing15AssertionResultD2Ev
FNDA:0,_ZNK7testing15AssertionResultcvbEv
FNDA:0,_ZNK7testing15AssertionResult7messageEv
FNDA:0,_ZNK7testing15AssertionResult15failure_messageEv
FNDA:0,_ZN7testing4Test13SetUpTestCaseEv
FNDA:0,_ZN7testing4Test16TearDownTestCaseEv
FNDA:0,_ZN7testing4Test5SetupEv
FNDA:0,_ZN7testing8internal18CmpHelperEQFailureIiiEENS_15AssertionResultEPKcS4_RKT_RKT0_
FNDA:0,_ZN7testing8internal11CmpHelperEQIiiEENS_15AssertionResultEPKcS4_RKT_RKT0_
FNDA:0,_ZN7testing8internal8EqHelperILb0EE7CompareIiiEENS_15AssertionResultEPKcS6_RKT_RKT0_
FNF:11
FNH:0
DA:256,0
DA:288,0
DA:298,0
DA:302,0
DA:389,0
DA:397,0
DA:474,0
DA:1378,0
DA:1379,0
DA:1380,0
DA:1381,0
DA:1383,0
DA:1392,0
DA:1393,0
DA:1397,0
DA:1398,0
DA:1421,0
LF:17
LH:0
end_of_record
SF:/Users/vpomsztein/Documents/PrivateRepositories/Algoritmos1/TPI/juegoDeLaVida/lib/googletest-master/googletest/include/gtest/internal/gtest-internal.h
FN:466,_ZN7testing8internal15TestFactoryBaseD1Ev
FN:466,_ZN7testing8internal15TestFactoryBaseD2Ev
FN:466,_ZN7testing8internal15TestFactoryBaseD0Ev
FN:473,_ZN7testing8internal15TestFactoryBaseC2Ev
FN:482,_ZN7testing8internal15TestFactoryImplI53seleccionNaturalTEST_toroideHorizontalPeriodico2_TestEC2Ev
FN:482,_ZN7testing8internal15TestFactoryImplI53seleccionNaturalTEST_toroideHorizontalPeriodico2_TestED0Ev
FN:482,_ZN7testing8internal15TestFactoryImplI46seleccionNaturalTEST_DiagonalVsHorizontal_TestEC2Ev
FN:482,_ZN7testing8internal15TestFactoryImplI46seleccionNaturalTEST_DiagonalVsHorizontal_TestED2Ev
FN:482,_ZN7testing8internal15TestFactoryImplI46seleccionNaturalTEST_DiagonalVsHorizontal_TestED1Ev
FN:482,_ZN7testing8internal15TestFactoryImplI46seleccionNaturalTEST_DiagonalVsHorizontal_TestED0Ev
FN:482,_ZN7testing8internal15TestFactoryImplI43seleccionNaturalTEST_periodicoVsMortal_TestEC2Ev
FN:482,_ZN7testing8internal15TestFactoryImplI50seleccionNaturalTEST_toroideDiagonalVsUnoVivo_TestEC1Ev
FN:482,_ZN7testing8internal15TestFactoryImplI46seleccionNaturalTEST_DiagonalVsHorizontal_TestEC1Ev
FN:482,_ZN7testing8internal15TestFactoryImplI53seleccionNaturalTEST_toroideHorizontalPeriodico2_TestED2Ev
FN:482,_ZN7testing8internal15TestFactoryImplI53seleccionNaturalTEST_toroideHorizontalPeriodico2_TestEC1Ev
FN:482,_ZN7testing8internal15TestFactoryImplI43seleccionNaturalTEST_periodicoVsMortal_TestED1Ev
FN:482,_ZN7testing8internal15TestFactoryImplI50seleccionNaturalTEST_toroideDiagonalVsUnoVivo_TestED0Ev
FN:482,_ZN7testing8internal15TestFactoryImplI50seleccionNaturalTEST_toroideDiagonalVsUnoVivo_TestED2Ev
FN:482,_ZN7testing8internal15TestFactoryImplI53seleccionNaturalTEST_toroideHorizontalPeriodico2_TestED1Ev
FN:482,_ZN7testing8internal15TestFactoryImplI43seleccionNaturalTEST_periodicoVsMortal_TestEC1Ev
FN:482,_ZN7testing8internal15TestFactoryImplI50seleccionNaturalTEST_toroideDiagonalVsUnoVivo_TestED1Ev
FN:482,_ZN7testing8internal15TestFactoryImplI43seleccionNaturalTEST_periodicoVsMortal_TestED2Ev
FN:482,_ZN7testing8internal15TestFactoryImplI50seleccionNaturalTEST_toroideDiagonalVsUnoVivo_TestEC2Ev
FN:482,_ZN7testing8internal15TestFactoryImplI43seleccionNaturalTEST_periodicoVsMortal_TestED0Ev
FN:484,_ZN7testing8internal15TestFactoryImplI53seleccionNaturalTEST_toroideHorizontalPeriodico2_TestE10CreateTestEv
FN:484,_ZN7testing8internal15TestFactoryImplI50seleccionNaturalTEST_toroideDiagonalVsUnoVivo_TestE10CreateTestEv
FN:484,_ZN7testing8internal15TestFactoryImplI46seleccionNaturalTEST_DiagonalVsHorizontal_TestE10CreateTestEv
FN:484,_ZN7testing8internal15TestFactoryImplI43seleccionNaturalTEST_periodicoVsMortal_TestE10CreateTestEv
FN:504,_ZN7testing8internal12CodeLocationD2Ev
FN:504,_ZN7testing8internal12CodeLocationD1Ev
FN:505,_ZN7testing8internal12CodeLocationC1ERKNSt3__112basic_stringIcNS2_11char_traitsIcEENS2_9allocatorIcEEEEi
FN:505,_ZN7testing8internal12CodeLocationC2ERKNSt3__112basic_stringIcNS2_11char_traitsIcEENS2_9allocatorIcEEEEi
FNDA:0,_ZN7testing8internal15TestFactoryBaseD1Ev
FNDA:0,_ZN7testing8internal15TestFactoryBaseD0Ev
FNDA:0,_ZN7testing8internal15TestFactoryBaseD2Ev
FNDA:0,_ZN7testing8internal15TestFactoryBaseC2Ev
FNDA:4,_ZN7testing8internal15TestFactoryImplI53seleccionNaturalTEST_toroideHorizontalPeriodico2_TestEC1Ev
FNDA:4,_ZN7testing8internal15TestFactoryImplI50seleccionNaturalTEST_toroideDiagonalVsUnoVivo_TestEC1Ev
FNDA:4,_ZN7testing8internal15TestFactoryImplI46seleccionNaturalTEST_DiagonalVsHorizontal_TestEC1Ev
FNDA:4,_ZN7testing8internal15TestFactoryImplI43seleccionNaturalTEST_periodicoVsMortal_TestEC1Ev
FNDA:4,_ZN7testing8internal15TestFactoryImplI53seleccionNaturalTEST_toroideHorizontalPeriodico2_TestEC2Ev
FNDA:4,_ZN7testing8internal15TestFactoryImplI53seleccionNaturalTEST_toroideHorizontalPeriodico2_TestED1Ev
FNDA:4,_ZN7testing8internal15TestFactoryImplI53seleccionNaturalTEST_toroideHorizontalPeriodico2_TestED0Ev
FNDA:4,_ZN7testing8internal15TestFactoryImplI53seleccionNaturalTEST_toroideHorizontalPeriodico2_TestED2Ev
FNDA:4,_ZN7testing8internal15TestFactoryImplI50seleccionNaturalTEST_toroideDiagonalVsUnoVivo_TestEC2Ev
FNDA:4,_ZN7testing8internal15TestFactoryImplI50seleccionNaturalTEST_toroideDiagonalVsUnoVivo_TestED1Ev
FNDA:4,_ZN7testing8internal15TestFactoryImplI50seleccionNaturalTEST_toroideDiagonalVsUnoVivo_TestED0Ev
FNDA:4,_ZN7testing8internal15TestFactoryImplI50seleccionNaturalTEST_toroideDiagonalVsUnoVivo_TestED2Ev
FNDA:4,_ZN7testing8internal15TestFactoryImplI46seleccionNaturalTEST_DiagonalVsHorizontal_TestEC2Ev
FNDA:4,_ZN7testing8internal15TestFactoryImplI46seleccionNaturalTEST_DiagonalVsHorizontal_TestED1Ev
FNDA:4,_ZN7testing8internal15TestFactoryImplI46seleccionNaturalTEST_DiagonalVsHorizontal_TestED0Ev
FNDA:4,_ZN7testing8internal15TestFactoryImplI46seleccionNaturalTEST_DiagonalVsHorizontal_TestED2Ev
FNDA:4,_ZN7testing8internal15TestFactoryImplI43seleccionNaturalTEST_periodicoVsMortal_TestEC2Ev
FNDA:4,_ZN7testing8internal15TestFactoryImplI43seleccionNaturalTEST_periodicoVsMortal_TestED1Ev
FNDA:4,_ZN7testing8internal15TestFactoryImplI43seleccionNaturalTEST_periodicoVsMortal_TestED0Ev
FNDA:4,_ZN7testing8internal15TestFactoryImplI43seleccionNaturalTEST_periodicoVsMortal_TestED2Ev
FNDA:2,_ZN7testing8internal15TestFactoryImplI53seleccionNaturalTEST_toroideHorizontalPeriodico2_TestE10CreateTestEv
FNDA:2,_ZN7testing8internal15TestFactoryImplI50seleccionNaturalTEST_toroideDiagonalVsUnoVivo_TestE10CreateTestEv
FNDA:2,_ZN7testing8internal15TestFactoryImplI46seleccionNaturalTEST_DiagonalVsHorizontal_TestE10CreateTestEv
FNDA:2,_ZN7testing8internal15TestFactoryImplI43seleccionNaturalTEST_periodicoVsMortal_TestE10CreateTestEv
FNDA:0,_ZN7testing8internal12CodeLocationD1Ev
FNDA:0,_ZN7testing8internal12CodeLocationD2Ev
FNDA:0,_ZN7testing8internal12CodeLocationC1ERKNSt3__112basic_stringIcNS2_11char_traitsIcEENS2_9allocatorIcEEEEi
FNDA:0,_ZN7testing8internal12CodeLocationC2ERKNSt3__112basic_stringIcNS2_11char_traitsIcEENS2_9allocatorIcEEEEi
FNF:32
FNH:24
DA:466,0
DA:473,0
DA:482,80
DA:484,16
DA:504,0
DA:506,0
LF:6
LH:2
end_of_record
SF:/Users/vpomsztein/Documents/PrivateRepositories/Algoritmos1/TPI/juegoDeLaVida/lib/googletest-master/googletest/include/gtest/internal/gtest-port.h
FN:1157,_ZN7testing8internal10scoped_ptrINSt3__112basic_stringIcNS2_11char_traitsIcEENS2_9allocatorIcEEEEED2Ev
FN:1157,_ZN7testing8internal10scoped_ptrINSt3__118basic_stringstreamIcNS2_11char_traitsIcEENS2_9allocatorIcEEEEED1Ev
FN:1157,_ZN7testing8internal10scoped_ptrINSt3__118basic_stringstreamIcNS2_11char_traitsIcEENS2_9allocatorIcEEEEED2Ev
FN:1157,_ZN7testing8internal10scoped_ptrINSt3__112basic_stringIcNS2_11char_traitsIcEENS2_9allocatorIcEEEEED1Ev
FN:1160,_ZNK7testing8internal10scoped_ptrINSt3__112basic_stringIcNS2_11char_traitsIcEENS2_9allocatorIcEEEEEptEv
FN:1161,_ZNK7testing8internal10scoped_ptrINSt3__112basic_stringIcNS2_11char_traitsIcEENS2_9allocatorIcEEEEE3getEv
FN:1169,_ZN7testing8internal10scoped_ptrINSt3__118basic_stringstreamIcNS2_11char_traitsIcEENS2_9allocatorIcEEEEE5resetEPS8_
FN:1169,_ZN7testing8internal10scoped_ptrINSt3__112basic_stringIcNS2_11char_traitsIcEENS2_9allocatorIcEEEEE5resetEPS8_
FNDA:0,_ZN7testing8internal10scoped_ptrINSt3__118basic_stringstreamIcNS2_11char_traitsIcEENS2_9allocatorIcEEEEED1Ev
FNDA:0,_ZN7testing8internal10scoped_ptrINSt3__118basic_stringstreamIcNS2_11char_traitsIcEENS2_9allocatorIcEEEEED2Ev
FNDA:0,_ZN7testing8internal10scoped_ptrINSt3__112basic_stringIcNS2_11char_traitsIcEENS2_9allocatorIcEEEEED1Ev
FNDA:0,_ZN7testing8internal10scoped_ptrINSt3__112basic_stringIcNS2_11char_traitsIcEENS2_9allocatorIcEEEEED2Ev
FNDA:0,_ZNK7testing8internal10scoped_ptrINSt3__112basic_stringIcNS2_11char_traitsIcEENS2_9allocatorIcEEEEEptEv
FNDA:0,_ZNK7testing8internal10scoped_ptrINSt3__112basic_stringIcNS2_11char_traitsIcEENS2_9allocatorIcEEEEE3getEv
FNDA:0,_ZN7testing8internal10scoped_ptrINSt3__118basic_stringstreamIcNS2_11char_traitsIcEENS2_9allocatorIcEEEEE5resetEPS8_
FNDA:0,_ZN7testing8internal10scoped_ptrINSt3__112basic_stringIcNS2_11char_traitsIcEENS2_9allocatorIcEEEEE5resetEPS8_
FNF:8
FNH:0
DA:1157,0
DA:1160,0
DA:1161,0
DA:1170,0
DA:1171,0
DA:1172,0
DA:1173,0
DA:1174,0
DA:1175,0
DA:1176,0
LF:10
LH:0
end_of_record
SF:/Users/vpomsztein/Documents/PrivateRepositories/Algoritmos1/TPI/juegoDeLaVida/tests/seleccionNaturalTEST.cpp
FN:7,_ZN53seleccionNaturalTEST_toroideHorizontalPeriodico2_TestC2Ev
FN:7,_ZN53seleccionNaturalTEST_toroideHorizontalPeriodico2_TestD1Ev
FN:7,_ZN53seleccionNaturalTEST_toroideHorizontalPeriodico2_TestD0Ev
FN:7,_ZN53seleccionNaturalTEST_toroideHorizontalPeriodico2_Test8TestBodyEv
FN:7,_ZN53seleccionNaturalTEST_toroideHorizontalPeriodico2_TestD2Ev
FN:7,__cxx_global_var_init
FN:7,_ZN53seleccionNaturalTEST_toroideHorizontalPeriodico2_TestC1Ev
FN:28,_ZN50seleccionNaturalTEST_toroideDiagonalVsUnoVivo_TestD2Ev
FN:28,__cxx_global_var_init.14
FN:28,_ZN50seleccionNaturalTEST_toroideDiagonalVsUnoVivo_TestC2Ev
FN:28,_ZN50seleccionNaturalTEST_toroideDiagonalVsUnoVivo_TestD1Ev
FN:28,_ZN50seleccionNaturalTEST_toroideDiagonalVsUnoVivo_Test8TestBodyEv
FN:28,_ZN50seleccionNaturalTEST_toroideDiagonalVsUnoVivo_TestC1Ev
FN:28,_ZN50seleccionNaturalTEST_toroideDiagonalVsUnoVivo_TestD0Ev
FN:47,_ZN46seleccionNaturalTEST_DiagonalVsHorizontal_Test8TestBodyEv
FN:47,_ZN46seleccionNaturalTEST_DiagonalVsHorizontal_TestD0Ev
FN:47,_ZN46seleccionNaturalTEST_DiagonalVsHorizontal_TestD2Ev
FN:47,__cxx_global_var_init.24
FN:47,_ZN46seleccionNaturalTEST_DiagonalVsHorizontal_TestC2Ev
FN:47,_ZN46seleccionNaturalTEST_DiagonalVsHorizontal_TestC1Ev
FN:47,_ZN46seleccionNaturalTEST_DiagonalVsHorizontal_TestD1Ev
FN:66,__cxx_global_var_init.35
FN:66,_ZN43seleccionNaturalTEST_periodicoVsMortal_TestD2Ev
FN:66,_ZN43seleccionNaturalTEST_periodicoVsMortal_TestC1Ev
FN:66,_ZN43seleccionNaturalTEST_periodicoVsMortal_Test8TestBodyEv
FN:66,_ZN43seleccionNaturalTEST_periodicoVsMortal_TestD1Ev
FN:66,_ZN43seleccionNaturalTEST_periodicoVsMortal_TestD0Ev
FN:66,_ZN43seleccionNaturalTEST_periodicoVsMortal_TestC2Ev
FNDA:4,__cxx_global_var_init
FNDA:2,_ZN53seleccionNaturalTEST_toroideHorizontalPeriodico2_Test8TestBodyEv
FNDA:2,_ZN53seleccionNaturalTEST_toroideHorizontalPeriodico2_TestD1Ev
FNDA:2,_ZN53seleccionNaturalTEST_toroideHorizontalPeriodico2_TestD0Ev
FNDA:2,_ZN53seleccionNaturalTEST_toroideHorizontalPeriodico2_TestC1Ev
FNDA:2,_ZN53seleccionNaturalTEST_toroideHorizontalPeriodico2_TestC2Ev
FNDA:2,_ZN53seleccionNaturalTEST_toroideHorizontalPeriodico2_TestD2Ev
FNDA:4,__cxx_global_var_init.14
FNDA:2,_ZN50seleccionNaturalTEST_toroideDiagonalVsUnoVivo_Test8TestBodyEv
FNDA:2,_ZN50seleccionNaturalTEST_toroideDiagonalVsUnoVivo_TestD1Ev
FNDA:2,_ZN50seleccionNaturalTEST_toroideDiagonalVsUnoVivo_TestD0Ev
FNDA:2,_ZN50seleccionNaturalTEST_toroideDiagonalVsUnoVivo_TestC1Ev
FNDA:2,_ZN50seleccionNaturalTEST_toroideDiagonalVsUnoVivo_TestC2Ev
FNDA:2,_ZN50seleccionNaturalTEST_toroideDiagonalVsUnoVivo_TestD2Ev
FNDA:4,__cxx_global_var_init.24
FNDA:2,_ZN46seleccionNaturalTEST_DiagonalVsHorizontal_Test8TestBodyEv
FNDA:2,_ZN46seleccionNaturalTEST_DiagonalVsHorizontal_TestD1Ev
FNDA:2,_ZN46seleccionNaturalTEST_DiagonalVsHorizontal_TestD0Ev
FNDA:2,_ZN46seleccionNaturalTEST_DiagonalVsHorizontal_TestC1Ev
FNDA:2,_ZN46seleccionNaturalTEST_DiagonalVsHorizontal_TestC2Ev
FNDA:2,_ZN46seleccionNaturalTEST_DiagonalVsHorizontal_TestD2Ev
FNDA:4,__cxx_global_var_init.35
FNDA:2,_ZN43seleccionNaturalTEST_periodicoVsMortal_Test8TestBodyEv
FNDA:2,_ZN43seleccionNaturalTEST_periodicoVsMortal_TestD1Ev
FNDA:2,_ZN43seleccionNaturalTEST_periodicoVsMortal_TestD0Ev
FNDA:2,_ZN43seleccionNaturalTEST_periodicoVsMortal_TestC1Ev
FNDA:2,_ZN43seleccionNaturalTEST_periodicoVsMortal_TestC2Ev
FNDA:2,_ZN43seleccionNaturalTEST_periodicoVsMortal_TestD2Ev
FNF:28
FNH:28
DA:7,38
DA:8,24
DA:9,2
DA:10,2
DA:11,2
DA:12,2
DA:13,2
DA:14,24
DA:15,2
DA:16,2
DA:17,2
DA:18,2
DA:19,2
DA:20,2
DA:21,2
DA:22,2
DA:23,2
DA:24,6
DA:25,10
DA:26,2
DA:28,38
DA:29,16
DA:30,2
DA:31,2
DA:32,2
DA:33,24
DA:34,2
DA:35,2
DA:36,2
DA:37,2
DA:38,2
DA:39,2
DA:40,2
DA:41,2
DA:42,2
DA:43,6
DA:44,10
DA:45,2
DA:47,38
DA:48,24
DA:49,2
DA:50,2
DA:51,2
DA:52,2
DA:53,2
DA:54,16
DA:55,2
DA:56,2
DA:57,2
DA:58,2
DA:59,2
DA:60,2
DA:61,2
DA:62,6
DA:63,10
DA:64,2
DA:66,38
DA:67,24
DA:68,2
DA:69,2
DA:70,2
DA:71,2
DA:72,2
DA:73,16
DA:74,2
DA:75,2
DA:76,2
DA:77,2
DA:78,2
DA:79,2
DA:80,2
DA:81,6
DA:82,10
DA:83,2
LF:74
LH:74
end_of_record
